2024-09-05 13:22:27.7921|63|INFO|Microsoft.AspNetCore.DataProtection.KeyManagement.XmlKeyManager|User profile is available. Using 'C:\Users\meryc\AppData\Local\ASP.NET\DataProtection-Keys' as key repository and Windows DPAPI to encrypt keys at rest. |url: |action: |Microsoft.Extensions.Logging.LoggingExtensions.UsingProfileAsKeyRepositoryWithDPAPI
2024-09-05 13:22:27.8940|14|INFO|Microsoft.Hosting.Lifetime|Now listening on: https://localhost:7127 |url: |action: |Microsoft.AspNetCore.Hosting.GenericWebHostService.StartAsync
2024-09-05 13:22:27.8940|14|INFO|Microsoft.Hosting.Lifetime|Now listening on: http://localhost:5137 |url: |action: |Microsoft.AspNetCore.Hosting.GenericWebHostService.StartAsync
2024-09-05 13:22:27.8940|0|INFO|Microsoft.Hosting.Lifetime|Application started. Press Ctrl+C to shut down. |url: |action: |Microsoft.Extensions.Hosting.Internal.ConsoleLifetime.OnApplicationStarted
2024-09-05 13:22:27.8940|0|INFO|Microsoft.Hosting.Lifetime|Hosting environment: Development |url: |action: |Microsoft.Extensions.Hosting.Internal.ConsoleLifetime.OnApplicationStarted
2024-09-05 13:22:27.8940|0|INFO|Microsoft.Hosting.Lifetime|Content root path: D:\LEARNING\codeForMe\Final-Capstone\VegaCityAPI\VegaCityApp\ |url: |action: |Microsoft.Extensions.Hosting.Internal.ConsoleLifetime.OnApplicationStarted
2024-09-05 13:22:28.5147|1|INFO|Microsoft.AspNetCore.Hosting.Diagnostics|Request starting HTTP/2 GET https://localhost:7127/swagger - - |url: https://localhost/swagger|action: |Microsoft.AspNetCore.Hosting.HostingApplicationDiagnostics.LogRequestStarting
2024-09-05 13:22:28.5937|2|INFO|Microsoft.AspNetCore.Hosting.Diagnostics|Request finished HTTP/2 GET https://localhost:7127/swagger - - - 301 0 - 81.0402ms |url: https://localhost/swagger|action: |Microsoft.AspNetCore.Hosting.HostingApplicationDiagnostics.LogRequestFinished
2024-09-05 13:22:28.5996|1|INFO|Microsoft.AspNetCore.Hosting.Diagnostics|Request starting HTTP/2 GET https://localhost:7127/swagger/index.html - - |url: https://localhost/swagger/index.html|action: |Microsoft.AspNetCore.Hosting.HostingApplicationDiagnostics.LogRequestStarting
2024-09-05 13:22:28.7817|1|INFO|Microsoft.AspNetCore.Hosting.Diagnostics|Request starting HTTP/2 GET https://localhost:7127/_framework/aspnetcore-browser-refresh.js - - |url: https://localhost/_framework/aspnetcore-browser-refresh.js|action: |Microsoft.AspNetCore.Hosting.HostingApplicationDiagnostics.LogRequestStarting
2024-09-05 13:22:28.7817|1|INFO|Microsoft.AspNetCore.Hosting.Diagnostics|Request starting HTTP/2 GET https://localhost:7127/swagger/swagger-ui-standalone-preset.js - - |url: https://localhost/swagger/swagger-ui-standalone-preset.js|action: |Microsoft.AspNetCore.Hosting.HostingApplicationDiagnostics.LogRequestStarting
2024-09-05 13:22:28.7817|1|INFO|Microsoft.AspNetCore.Hosting.Diagnostics|Request starting HTTP/2 GET https://localhost:7127/swagger/swagger-ui-bundle.js - - |url: https://localhost/swagger/swagger-ui-bundle.js|action: |Microsoft.AspNetCore.Hosting.HostingApplicationDiagnostics.LogRequestStarting
2024-09-05 13:22:28.7817|1|INFO|Microsoft.AspNetCore.Hosting.Diagnostics|Request starting HTTP/2 GET https://localhost:7127/swagger/swagger-ui.css - - |url: https://localhost/swagger/swagger-ui.css|action: |Microsoft.AspNetCore.Hosting.HostingApplicationDiagnostics.LogRequestStarting
2024-09-05 13:22:28.7817|2|INFO|Microsoft.AspNetCore.Hosting.Diagnostics|Request finished HTTP/2 GET https://localhost:7127/swagger/index.html - - - 200 - text/html;charset=utf-8 182.0150ms |url: https://localhost/swagger/index.html|action: |Microsoft.AspNetCore.Hosting.HostingApplicationDiagnostics.LogRequestFinished
2024-09-05 13:22:28.7817|1|INFO|Microsoft.AspNetCore.Hosting.Diagnostics|Request starting HTTP/2 GET https://localhost:7127/_vs/browserLink - - |url: https://localhost/_vs/browserLink|action: |Microsoft.AspNetCore.Hosting.HostingApplicationDiagnostics.LogRequestStarting
2024-09-05 13:22:28.7844|2|INFO|Microsoft.AspNetCore.Hosting.Diagnostics|Request finished HTTP/2 GET https://localhost:7127/_framework/aspnetcore-browser-refresh.js - - - 200 12362 application/javascript;+charset=utf-8 2.6320ms |url: https://localhost/_framework/aspnetcore-browser-refresh.js|action: |Microsoft.AspNetCore.Hosting.HostingApplicationDiagnostics.LogRequestFinished
2024-09-05 13:22:28.7844|2|INFO|Microsoft.AspNetCore.StaticFiles.StaticFileMiddleware|Sending file. Request path: '/swagger-ui.css'. Physical path: 'N/A' |url: https://localhost/swagger/swagger-ui.css|action: |Microsoft.AspNetCore.StaticFiles.LoggerExtensions.FileServedCore
2024-09-05 13:22:28.7844|2|INFO|Microsoft.AspNetCore.Hosting.Diagnostics|Request finished HTTP/2 GET https://localhost:7127/swagger/swagger-ui.css - - - 200 144929 text/css 14.5821ms |url: https://localhost/swagger/swagger-ui.css|action: |Microsoft.AspNetCore.Hosting.HostingApplicationDiagnostics.LogRequestFinished
2024-09-05 13:22:28.7844|2|INFO|Microsoft.AspNetCore.StaticFiles.StaticFileMiddleware|Sending file. Request path: '/swagger-ui-standalone-preset.js'. Physical path: 'N/A' |url: https://localhost/swagger/swagger-ui-standalone-preset.js|action: |Microsoft.AspNetCore.StaticFiles.LoggerExtensions.FileServedCore
2024-09-05 13:22:28.7995|2|INFO|Microsoft.AspNetCore.Hosting.Diagnostics|Request finished HTTP/2 GET https://localhost:7127/swagger/swagger-ui-standalone-preset.js - - - 200 312163 application/javascript 17.6329ms |url: https://localhost/swagger/swagger-ui-standalone-preset.js|action: |Microsoft.AspNetCore.Hosting.HostingApplicationDiagnostics.LogRequestFinished
2024-09-05 13:22:28.7995|2|INFO|Microsoft.AspNetCore.StaticFiles.StaticFileMiddleware|Sending file. Request path: '/swagger-ui-bundle.js'. Physical path: 'N/A' |url: https://localhost/swagger/swagger-ui-bundle.js|action: |Microsoft.AspNetCore.StaticFiles.LoggerExtensions.FileServedCore
2024-09-05 13:22:28.7995|2|INFO|Microsoft.AspNetCore.Hosting.Diagnostics|Request finished HTTP/2 GET https://localhost:7127/swagger/swagger-ui-bundle.js - - - 200 1061536 application/javascript 21.7023ms |url: https://localhost/swagger/swagger-ui-bundle.js|action: |Microsoft.AspNetCore.Hosting.HostingApplicationDiagnostics.LogRequestFinished
2024-09-05 13:22:28.7995|2|INFO|Microsoft.AspNetCore.Hosting.Diagnostics|Request finished HTTP/2 GET https://localhost:7127/_vs/browserLink - - - 200 - text/javascript;+charset=UTF-8 28.2365ms |url: https://localhost/_vs/browserLink|action: |Microsoft.AspNetCore.Hosting.HostingApplicationDiagnostics.LogRequestFinished
2024-09-05 13:22:28.9584|1|INFO|Microsoft.AspNetCore.Hosting.Diagnostics|Request starting HTTP/2 GET https://localhost:7127/swagger/v1/swagger.json - - |url: https://localhost/swagger/v1/swagger.json|action: |Microsoft.AspNetCore.Hosting.HostingApplicationDiagnostics.LogRequestStarting
2024-09-05 13:22:28.9808|1|INFO|Microsoft.AspNetCore.Hosting.Diagnostics|Request starting HTTP/2 GET https://localhost:7127/swagger/favicon-32x32.png - - |url: https://localhost/swagger/favicon-32x32.png|action: |Microsoft.AspNetCore.Hosting.HostingApplicationDiagnostics.LogRequestStarting
2024-09-05 13:22:28.9808|2|INFO|Microsoft.AspNetCore.StaticFiles.StaticFileMiddleware|Sending file. Request path: '/favicon-32x32.png'. Physical path: 'N/A' |url: https://localhost/swagger/favicon-32x32.png|action: |Microsoft.AspNetCore.StaticFiles.LoggerExtensions.FileServedCore
2024-09-05 13:22:28.9808|2|INFO|Microsoft.AspNetCore.Hosting.Diagnostics|Request finished HTTP/2 GET https://localhost:7127/swagger/favicon-32x32.png - - - 200 628 image/png 1.0555ms |url: https://localhost/swagger/favicon-32x32.png|action: |Microsoft.AspNetCore.Hosting.HostingApplicationDiagnostics.LogRequestFinished
2024-09-05 13:22:29.0446|2|INFO|Microsoft.AspNetCore.Hosting.Diagnostics|Request finished HTTP/2 GET https://localhost:7127/swagger/v1/swagger.json - - - 200 - application/json;charset=utf-8 86.1937ms |url: https://localhost/swagger/v1/swagger.json|action: |Microsoft.AspNetCore.Hosting.HostingApplicationDiagnostics.LogRequestFinished
2024-09-05 13:25:25.3711|63|INFO|Microsoft.AspNetCore.DataProtection.KeyManagement.XmlKeyManager|User profile is available. Using 'C:\Users\meryc\AppData\Local\ASP.NET\DataProtection-Keys' as key repository and Windows DPAPI to encrypt keys at rest. |url: |action: |Microsoft.Extensions.Logging.LoggingExtensions.UsingProfileAsKeyRepositoryWithDPAPI
2024-09-05 13:25:25.5784|14|INFO|Microsoft.Hosting.Lifetime|Now listening on: https://localhost:7127 |url: |action: |Microsoft.AspNetCore.Hosting.GenericWebHostService.StartAsync
2024-09-05 13:25:25.5784|14|INFO|Microsoft.Hosting.Lifetime|Now listening on: http://localhost:5137 |url: |action: |Microsoft.AspNetCore.Hosting.GenericWebHostService.StartAsync
2024-09-05 13:25:25.5822|0|INFO|Microsoft.Hosting.Lifetime|Application started. Press Ctrl+C to shut down. |url: |action: |Microsoft.Extensions.Hosting.Internal.ConsoleLifetime.OnApplicationStarted
2024-09-05 13:25:25.5822|0|INFO|Microsoft.Hosting.Lifetime|Hosting environment: Development |url: |action: |Microsoft.Extensions.Hosting.Internal.ConsoleLifetime.OnApplicationStarted
2024-09-05 13:25:25.5822|0|INFO|Microsoft.Hosting.Lifetime|Content root path: D:\LEARNING\codeForMe\Final-Capstone\VegaCityAPI\VegaCityApp\ |url: |action: |Microsoft.Extensions.Hosting.Internal.ConsoleLifetime.OnApplicationStarted
2024-09-05 13:25:26.2712|1|INFO|Microsoft.AspNetCore.Hosting.Diagnostics|Request starting HTTP/2 GET https://localhost:7127/swagger - - |url: https://localhost/swagger|action: |Microsoft.AspNetCore.Hosting.HostingApplicationDiagnostics.LogRequestStarting
2024-09-05 13:25:26.4320|2|INFO|Microsoft.AspNetCore.Hosting.Diagnostics|Request finished HTTP/2 GET https://localhost:7127/swagger - - - 301 0 - 163.0865ms |url: https://localhost/swagger|action: |Microsoft.AspNetCore.Hosting.HostingApplicationDiagnostics.LogRequestFinished
2024-09-05 13:25:26.4320|1|INFO|Microsoft.AspNetCore.Hosting.Diagnostics|Request starting HTTP/2 GET https://localhost:7127/swagger/index.html - - |url: https://localhost/swagger/index.html|action: |Microsoft.AspNetCore.Hosting.HostingApplicationDiagnostics.LogRequestStarting
2024-09-05 13:25:26.7541|1|INFO|Microsoft.AspNetCore.Hosting.Diagnostics|Request starting HTTP/2 GET https://localhost:7127/swagger/swagger-ui.css - - |url: https://localhost/swagger/swagger-ui.css|action: |Microsoft.AspNetCore.Hosting.HostingApplicationDiagnostics.LogRequestStarting
2024-09-05 13:25:26.7541|1|INFO|Microsoft.AspNetCore.Hosting.Diagnostics|Request starting HTTP/2 GET https://localhost:7127/swagger/swagger-ui-bundle.js - - |url: https://localhost/swagger/swagger-ui-bundle.js|action: |Microsoft.AspNetCore.Hosting.HostingApplicationDiagnostics.LogRequestStarting
2024-09-05 13:25:26.7541|1|INFO|Microsoft.AspNetCore.Hosting.Diagnostics|Request starting HTTP/2 GET https://localhost:7127/swagger/swagger-ui-standalone-preset.js - - |url: https://localhost/swagger/swagger-ui-standalone-preset.js|action: |Microsoft.AspNetCore.Hosting.HostingApplicationDiagnostics.LogRequestStarting
2024-09-05 13:25:26.7541|2|INFO|Microsoft.AspNetCore.Hosting.Diagnostics|Request finished HTTP/2 GET https://localhost:7127/swagger/index.html - - - 200 - text/html;charset=utf-8 322.9428ms |url: https://localhost/swagger/index.html|action: |Microsoft.AspNetCore.Hosting.HostingApplicationDiagnostics.LogRequestFinished
2024-09-05 13:25:26.7678|2|INFO|Microsoft.AspNetCore.StaticFiles.StaticFileMiddleware|Sending file. Request path: '/swagger-ui-standalone-preset.js'. Physical path: 'N/A' |url: https://localhost/swagger/swagger-ui-standalone-preset.js|action: |Microsoft.AspNetCore.StaticFiles.LoggerExtensions.FileServedCore
2024-09-05 13:25:26.7678|2|INFO|Microsoft.AspNetCore.StaticFiles.StaticFileMiddleware|Sending file. Request path: '/swagger-ui.css'. Physical path: 'N/A' |url: https://localhost/swagger/swagger-ui.css|action: |Microsoft.AspNetCore.StaticFiles.LoggerExtensions.FileServedCore
2024-09-05 13:25:26.7678|2|INFO|Microsoft.AspNetCore.Hosting.Diagnostics|Request finished HTTP/2 GET https://localhost:7127/swagger/swagger-ui-standalone-preset.js - - - 200 312163 application/javascript 14.1507ms |url: https://localhost/swagger/swagger-ui-standalone-preset.js|action: |Microsoft.AspNetCore.Hosting.HostingApplicationDiagnostics.LogRequestFinished
2024-09-05 13:25:26.7678|2|INFO|Microsoft.AspNetCore.Hosting.Diagnostics|Request finished HTTP/2 GET https://localhost:7127/swagger/swagger-ui.css - - - 200 144929 text/css 14.3910ms |url: https://localhost/swagger/swagger-ui.css|action: |Microsoft.AspNetCore.Hosting.HostingApplicationDiagnostics.LogRequestFinished
2024-09-05 13:25:26.7678|2|INFO|Microsoft.AspNetCore.StaticFiles.StaticFileMiddleware|Sending file. Request path: '/swagger-ui-bundle.js'. Physical path: 'N/A' |url: https://localhost/swagger/swagger-ui-bundle.js|action: |Microsoft.AspNetCore.StaticFiles.LoggerExtensions.FileServedCore
2024-09-05 13:25:26.7678|2|INFO|Microsoft.AspNetCore.Hosting.Diagnostics|Request finished HTTP/2 GET https://localhost:7127/swagger/swagger-ui-bundle.js - - - 200 1061536 application/javascript 16.0732ms |url: https://localhost/swagger/swagger-ui-bundle.js|action: |Microsoft.AspNetCore.Hosting.HostingApplicationDiagnostics.LogRequestFinished
2024-09-05 13:25:26.7678|1|INFO|Microsoft.AspNetCore.Hosting.Diagnostics|Request starting HTTP/2 GET https://localhost:7127/_framework/aspnetcore-browser-refresh.js - - |url: https://localhost/_framework/aspnetcore-browser-refresh.js|action: |Microsoft.AspNetCore.Hosting.HostingApplicationDiagnostics.LogRequestStarting
2024-09-05 13:25:26.7678|2|INFO|Microsoft.AspNetCore.Hosting.Diagnostics|Request finished HTTP/2 GET https://localhost:7127/_framework/aspnetcore-browser-refresh.js - - - 200 12362 application/javascript;+charset=utf-8 3.3385ms |url: https://localhost/_framework/aspnetcore-browser-refresh.js|action: |Microsoft.AspNetCore.Hosting.HostingApplicationDiagnostics.LogRequestFinished
2024-09-05 13:25:26.7678|1|INFO|Microsoft.AspNetCore.Hosting.Diagnostics|Request starting HTTP/2 GET https://localhost:7127/_vs/browserLink - - |url: https://localhost/_vs/browserLink|action: |Microsoft.AspNetCore.Hosting.HostingApplicationDiagnostics.LogRequestStarting
2024-09-05 13:25:26.7905|2|INFO|Microsoft.AspNetCore.Hosting.Diagnostics|Request finished HTTP/2 GET https://localhost:7127/_vs/browserLink - - - 200 - text/javascript;+charset=UTF-8 13.2297ms |url: https://localhost/_vs/browserLink|action: |Microsoft.AspNetCore.Hosting.HostingApplicationDiagnostics.LogRequestFinished
2024-09-05 13:25:26.9405|1|INFO|Microsoft.AspNetCore.Hosting.Diagnostics|Request starting HTTP/2 GET https://localhost:7127/swagger/v1/swagger.json - - |url: https://localhost/swagger/v1/swagger.json|action: |Microsoft.AspNetCore.Hosting.HostingApplicationDiagnostics.LogRequestStarting
2024-09-05 13:25:26.9611|1|INFO|Microsoft.AspNetCore.Hosting.Diagnostics|Request starting HTTP/2 GET https://localhost:7127/swagger/favicon-32x32.png - - |url: https://localhost/swagger/favicon-32x32.png|action: |Microsoft.AspNetCore.Hosting.HostingApplicationDiagnostics.LogRequestStarting
2024-09-05 13:25:26.9611|2|INFO|Microsoft.AspNetCore.StaticFiles.StaticFileMiddleware|Sending file. Request path: '/favicon-32x32.png'. Physical path: 'N/A' |url: https://localhost/swagger/favicon-32x32.png|action: |Microsoft.AspNetCore.StaticFiles.LoggerExtensions.FileServedCore
2024-09-05 13:25:26.9611|2|INFO|Microsoft.AspNetCore.Hosting.Diagnostics|Request finished HTTP/2 GET https://localhost:7127/swagger/favicon-32x32.png - - - 200 628 image/png 2.1203ms |url: https://localhost/swagger/favicon-32x32.png|action: |Microsoft.AspNetCore.Hosting.HostingApplicationDiagnostics.LogRequestFinished
2024-09-05 13:25:27.0451|2|INFO|Microsoft.AspNetCore.Hosting.Diagnostics|Request finished HTTP/2 GET https://localhost:7127/swagger/v1/swagger.json - - - 200 - application/json;charset=utf-8 104.5810ms |url: https://localhost/swagger/v1/swagger.json|action: |Microsoft.AspNetCore.Hosting.HostingApplicationDiagnostics.LogRequestFinished
2024-09-05 13:26:39.4490|1|INFO|Microsoft.AspNetCore.Hosting.Diagnostics|Request starting HTTP/2 POST https://localhost:7127/api/v1/auth/sign-up/landing-page application/json 192 |url: https://localhost/api/v1/auth/sign-up/landing-page|action: |Microsoft.AspNetCore.Hosting.HostingApplicationDiagnostics.LogRequestStarting
2024-09-05 13:26:39.4490|4|INFO|Microsoft.AspNetCore.Cors.Infrastructure.CorsService|CORS policy execution successful. |url: https://localhost/api/v1/auth/sign-up/landing-page|action: Register|Microsoft.AspNetCore.Cors.CORSLoggerExtensions.PolicySuccess
2024-09-05 13:26:39.8445|0|INFO|Microsoft.AspNetCore.Routing.EndpointMiddleware|Executing endpoint 'VegaCityApp.API.Controllers.AuthController.Register (VegaCityApp.API)' |url: https://localhost/api/v1/auth/sign-up/landing-page|action: Register|Microsoft.AspNetCore.Routing.EndpointMiddleware+Log.ExecutingEndpoint
2024-09-05 13:26:39.8688|3|INFO|Microsoft.AspNetCore.Mvc.Infrastructure.ControllerActionInvoker|Route matched with {action = "Register", controller = "Auth"}. Executing controller action with signature System.Threading.Tasks.Task`1[Microsoft.AspNetCore.Mvc.IActionResult] Register(VegaCityApp.API.Payload.Request.RegisterRequest) on controller VegaCityApp.API.Controllers.AuthController (VegaCityApp.API). |url: https://localhost/api/v1/auth/sign-up/landing-page|action: Register|Microsoft.AspNetCore.Mvc.MvcCoreLoggerExtensions.ExecutingAction
2024-09-05 13:26:41.2243|10403|INFO|Microsoft.EntityFrameworkCore.Infrastructure|Entity Framework Core 6.0.10 initialized 'VegaCityAppContext' using provider 'Microsoft.EntityFrameworkCore.SqlServer:6.0.10' with options: None |url: https://localhost/api/v1/auth/sign-up/landing-page|action: Register|Microsoft.EntityFrameworkCore.Diagnostics.CoreLoggerExtensions.ContextInitialized
2024-09-05 13:26:42.5475|20101|INFO|Microsoft.EntityFrameworkCore.Database.Command|Executed DbCommand (78ms) [Parameters=[@__req_Email_0='?' (Size = 100) (DbType = AnsiString), @__req_PhoneNumber_1='?' (Size = 10) (DbType = AnsiStringFixedLength), @__req_CCCD_2='?' (Size = 12) (DbType = AnsiStringFixedLength)], CommandType='Text', CommandTimeout='30']
SELECT TOP(1) [u].[Id], [u].[Address], [u].[Birthday], [u].[CCCD], [u].[crDate], [u].[Description], [u].[Email], [u].[FullName], [u].[Gender], [u].[ImageUrl], [u].[IsChange], [u].[MarketZoneId], [u].[Password], [u].[PhoneNumber], [u].[PinCode], [u].[RoleId], [u].[Status], [u].[StoreId], [u].[upsDate]
FROM [User] AS [u]
WHERE (([u].[Email] = @__req_Email_0) AND ([u].[PhoneNumber] = @__req_PhoneNumber_1)) AND ([u].[CCCD] = @__req_CCCD_2) |url: https://localhost/api/v1/auth/sign-up/landing-page|action: Register|Microsoft.EntityFrameworkCore.Diagnostics.Internal.RelationalCommandDiagnosticsLogger.CommandReaderExecutedAsync
2024-09-05 13:26:42.8585|20101|INFO|Microsoft.EntityFrameworkCore.Database.Command|Executed DbCommand (15ms) [Parameters=[@p0='?' (DbType = Guid), @p1='?' (Size = 200), @p2='?' (DbType = Date), @p3='?' (Size = 12) (DbType = AnsiStringFixedLength), @p4='?' (DbType = DateTime), @p5='?' (Size = 400) (DbType = AnsiString), @p6='?' (Size = 100) (DbType = AnsiString), @p7='?' (Size = 50), @p8='?' (DbType = Int32), @p9='?' (Size = 8000) (DbType = AnsiString), @p10='?' (DbType = Boolean), @p11='?' (DbType = Guid), @p12='?' (Size = 200) (DbType = AnsiString), @p13='?' (Size = 10) (DbType = AnsiStringFixedLength), @p14='?' (Size = 8000) (DbType = AnsiString), @p15='?' (DbType = Guid), @p16='?' (DbType = Int32), @p17='?' (DbType = Guid), @p18='?' (DbType = DateTime)], CommandType='Text', CommandTimeout='30']
SET NOCOUNT ON;
INSERT INTO [User] ([Id], [Address], [Birthday], [CCCD], [crDate], [Description], [Email], [FullName], [Gender], [ImageUrl], [IsChange], [MarketZoneId], [Password], [PhoneNumber], [PinCode], [RoleId], [Status], [StoreId], [upsDate])
VALUES (@p0, @p1, @p2, @p3, @p4, @p5, @p6, @p7, @p8, @p9, @p10, @p11, @p12, @p13, @p14, @p15, @p16, @p17, @p18); |url: https://localhost/api/v1/auth/sign-up/landing-page|action: Register|Microsoft.EntityFrameworkCore.Diagnostics.Internal.RelationalCommandDiagnosticsLogger.CommandReaderExecutedAsync
2024-09-05 13:26:42.9028|1|INFO|Microsoft.AspNetCore.Mvc.Infrastructure.ObjectResultExecutor|Executing OkObjectResult, writing value of type 'VegaCityApp.API.Payload.Response.ResponseAPI'. |url: https://localhost/api/v1/auth/sign-up/landing-page|action: Register|Microsoft.AspNetCore.Mvc.MvcCoreLoggerExtensions.ObjectResultExecuting
2024-09-05 13:26:42.9287|2|INFO|Microsoft.AspNetCore.Mvc.Infrastructure.ControllerActionInvoker|Executed action VegaCityApp.API.Controllers.AuthController.Register (VegaCityApp.API) in 3055.7829ms |url: https://localhost/api/v1/auth/sign-up/landing-page|action: Register|Microsoft.AspNetCore.Mvc.MvcCoreLoggerExtensions.ExecutedAction
2024-09-05 13:26:42.9287|1|INFO|Microsoft.AspNetCore.Routing.EndpointMiddleware|Executed endpoint 'VegaCityApp.API.Controllers.AuthController.Register (VegaCityApp.API)' |url: https://localhost/api/v1/auth/sign-up/landing-page|action: Register|Microsoft.AspNetCore.Routing.EndpointMiddleware+Log.ExecutedEndpoint
2024-09-05 13:26:42.9287|2|INFO|Microsoft.AspNetCore.Hosting.Diagnostics|Request finished HTTP/2 POST https://localhost:7127/api/v1/auth/sign-up/landing-page application/json 192 - 200 - application/json;+charset=utf-8 3488.9633ms |url: https://localhost/api/v1/auth/sign-up/landing-page|action: Register|Microsoft.AspNetCore.Hosting.HostingApplicationDiagnostics.LogRequestFinished
2024-09-05 13:27:39.5669|1|INFO|Microsoft.AspNetCore.Hosting.Diagnostics|Request starting HTTP/2 POST https://localhost:7127/api/v1/approve-user application/json 218 |url: https://localhost/api/v1/approve-user|action: |Microsoft.AspNetCore.Hosting.HostingApplicationDiagnostics.LogRequestStarting
2024-09-05 13:27:39.5669|4|INFO|Microsoft.AspNetCore.Cors.Infrastructure.CorsService|CORS policy execution successful. |url: https://localhost/api/v1/approve-user|action: ApproveUser|Microsoft.AspNetCore.Cors.CORSLoggerExtensions.PolicySuccess
2024-09-05 13:27:39.5669|0|INFO|Microsoft.AspNetCore.Routing.EndpointMiddleware|Executing endpoint 'VegaCityApp.API.Controllers.Admin.AdminController.ApproveUser (VegaCityApp.API)' |url: https://localhost/api/v1/approve-user|action: ApproveUser|Microsoft.AspNetCore.Routing.EndpointMiddleware+Log.ExecutingEndpoint
2024-09-05 13:27:39.5669|3|INFO|Microsoft.AspNetCore.Mvc.Infrastructure.ControllerActionInvoker|Route matched with {action = "ApproveUser", controller = "Admin"}. Executing controller action with signature System.Threading.Tasks.Task`1[Microsoft.AspNetCore.Mvc.IActionResult] ApproveUser(VegaCityApp.API.Payload.Request.ApproveRequest) on controller VegaCityApp.API.Controllers.Admin.AdminController (VegaCityApp.API). |url: https://localhost/api/v1/approve-user|action: ApproveUser|Microsoft.AspNetCore.Mvc.MvcCoreLoggerExtensions.ExecutingAction
2024-09-05 13:27:39.6146|10403|INFO|Microsoft.EntityFrameworkCore.Infrastructure|Entity Framework Core 6.0.10 initialized 'VegaCityAppContext' using provider 'Microsoft.EntityFrameworkCore.SqlServer:6.0.10' with options: None |url: https://localhost/api/v1/approve-user|action: ApproveUser|Microsoft.EntityFrameworkCore.Diagnostics.CoreLoggerExtensions.ContextInitialized
2024-09-05 13:27:39.6146|20101|INFO|Microsoft.EntityFrameworkCore.Database.Command|Executed DbCommand (5ms) [Parameters=[@__Parse_0='?' (DbType = Guid)], CommandType='Text', CommandTimeout='30']
SELECT TOP(1) [u].[Id], [u].[Address], [u].[Birthday], [u].[CCCD], [u].[crDate], [u].[Description], [u].[Email], [u].[FullName], [u].[Gender], [u].[ImageUrl], [u].[IsChange], [u].[MarketZoneId], [u].[Password], [u].[PhoneNumber], [u].[PinCode], [u].[RoleId], [u].[Status], [u].[StoreId], [u].[upsDate]
FROM [User] AS [u]
WHERE [u].[Id] = @__Parse_0 |url: https://localhost/api/v1/approve-user|action: ApproveUser|Microsoft.EntityFrameworkCore.Diagnostics.Internal.RelationalCommandDiagnosticsLogger.CommandReaderExecutedAsync
2024-09-05 13:27:39.6988|20101|INFO|Microsoft.EntityFrameworkCore.Database.Command|Executed DbCommand (8ms) [Parameters=[@p0='?' (DbType = Guid), @p1='?' (Size = 100), @p2='?' (DbType = DateTime), @p3='?' (DbType = Boolean), @p4='?' (Size = 200), @p5='?' (Size = 100) (DbType = AnsiString), @p6='?' (DbType = Guid), @p7='?' (DbType = Guid), @p8='?' (Size = 100) (DbType = AnsiString), @p9='?' (Size = 10) (DbType = AnsiStringFixedLength), @p10='?' (Size = 50), @p11='?' (DbType = Int32), @p12='?' (DbType = Int32), @p13='?' (DbType = DateTime)], CommandType='Text', CommandTimeout='30']
SET NOCOUNT ON;
INSERT INTO [Store] ([Id], [Address], [crDate], [Deflag], [Description], [Email], [HouseId], [MarketZoneId], [Name], [PhoneNumber], [ShortName], [Status], [StoreType], [upsDate])
VALUES (@p0, @p1, @p2, @p3, @p4, @p5, @p6, @p7, @p8, @p9, @p10, @p11, @p12, @p13); |url: https://localhost/api/v1/approve-user|action: ApproveUser|Microsoft.EntityFrameworkCore.Diagnostics.Internal.RelationalCommandDiagnosticsLogger.CommandReaderExecutedAsync
2024-09-05 13:27:39.7137|20101|INFO|Microsoft.EntityFrameworkCore.Database.Command|Executed DbCommand (5ms) [Parameters=[@__guidUserId_0='?' (DbType = Guid)], CommandType='Text', CommandTimeout='30']
SELECT TOP(1) [u].[Id], [u].[Address], [u].[Birthday], [u].[CCCD], [u].[crDate], [u].[Description], [u].[Email], [u].[FullName], [u].[Gender], [u].[ImageUrl], [u].[IsChange], [u].[MarketZoneId], [u].[Password], [u].[PhoneNumber], [u].[PinCode], [u].[RoleId], [u].[Status], [u].[StoreId], [u].[upsDate]
FROM [User] AS [u]
WHERE [u].[Id] = @__guidUserId_0 |url: https://localhost/api/v1/approve-user|action: ApproveUser|Microsoft.EntityFrameworkCore.Diagnostics.Internal.RelationalCommandDiagnosticsLogger.CommandReaderExecutedAsync
2024-09-05 13:27:39.7565|20101|INFO|Microsoft.EntityFrameworkCore.Database.Command|Executed DbCommand (6ms) [Parameters=[@p18='?' (DbType = Guid), @p0='?' (Size = 200), @p1='?' (DbType = Date), @p2='?' (Size = 12) (DbType = AnsiStringFixedLength), @p3='?' (DbType = DateTime), @p4='?' (Size = 400) (DbType = AnsiString), @p5='?' (Size = 100) (DbType = AnsiString), @p6='?' (Size = 50), @p7='?' (DbType = Int32), @p8='?' (Size = 8000) (DbType = AnsiString), @p9='?' (DbType = Boolean), @p10='?' (DbType = Guid), @p11='?' (Size = 200) (DbType = AnsiString), @p12='?' (Size = 10) (DbType = AnsiStringFixedLength), @p13='?' (Size = 8000) (DbType = AnsiString), @p14='?' (DbType = Guid), @p15='?' (DbType = Int32), @p16='?' (DbType = Guid), @p17='?' (DbType = DateTime)], CommandType='Text', CommandTimeout='30']
SET NOCOUNT ON;
UPDATE [User] SET [Address] = @p0, [Birthday] = @p1, [CCCD] = @p2, [crDate] = @p3, [Description] = @p4, [Email] = @p5, [FullName] = @p6, [Gender] = @p7, [ImageUrl] = @p8, [IsChange] = @p9, [MarketZoneId] = @p10, [Password] = @p11, [PhoneNumber] = @p12, [PinCode] = @p13, [RoleId] = @p14, [Status] = @p15, [StoreId] = @p16, [upsDate] = @p17
WHERE [Id] = @p18;
SELECT @@ROWCOUNT; |url: https://localhost/api/v1/approve-user|action: ApproveUser|Microsoft.EntityFrameworkCore.Diagnostics.Internal.RelationalCommandDiagnosticsLogger.CommandReaderExecutedAsync
2024-09-05 13:27:42.7588|1|INFO|Microsoft.AspNetCore.Mvc.Infrastructure.ObjectResultExecutor|Executing OkObjectResult, writing value of type 'VegaCityApp.API.Payload.Response.ResponseAPI'. |url: https://localhost/api/v1/approve-user|action: ApproveUser|Microsoft.AspNetCore.Mvc.MvcCoreLoggerExtensions.ObjectResultExecuting
2024-09-05 13:27:42.7588|2|INFO|Microsoft.AspNetCore.Mvc.Infrastructure.ControllerActionInvoker|Executed action VegaCityApp.API.Controllers.Admin.AdminController.ApproveUser (VegaCityApp.API) in 3183.4468ms |url: https://localhost/api/v1/approve-user|action: ApproveUser|Microsoft.AspNetCore.Mvc.MvcCoreLoggerExtensions.ExecutedAction
2024-09-05 13:27:42.7588|1|INFO|Microsoft.AspNetCore.Routing.EndpointMiddleware|Executed endpoint 'VegaCityApp.API.Controllers.Admin.AdminController.ApproveUser (VegaCityApp.API)' |url: https://localhost/api/v1/approve-user|action: ApproveUser|Microsoft.AspNetCore.Routing.EndpointMiddleware+Log.ExecutedEndpoint
2024-09-05 13:27:42.7588|2|INFO|Microsoft.AspNetCore.Hosting.Diagnostics|Request finished HTTP/2 POST https://localhost:7127/api/v1/approve-user application/json 218 - 200 - application/json;+charset=utf-8 3196.6422ms |url: https://localhost/api/v1/approve-user|action: ApproveUser|Microsoft.AspNetCore.Hosting.HostingApplicationDiagnostics.LogRequestFinished
2024-09-05 13:29:31.2181|1|INFO|Microsoft.AspNetCore.Hosting.Diagnostics|Request starting HTTP/2 POST https://localhost:7127/api/v1/approve-user application/json 218 |url: https://localhost/api/v1/approve-user|action: |Microsoft.AspNetCore.Hosting.HostingApplicationDiagnostics.LogRequestStarting
2024-09-05 13:29:31.2181|4|INFO|Microsoft.AspNetCore.Cors.Infrastructure.CorsService|CORS policy execution successful. |url: https://localhost/api/v1/approve-user|action: ApproveUser|Microsoft.AspNetCore.Cors.CORSLoggerExtensions.PolicySuccess
2024-09-05 13:29:31.2206|0|INFO|Microsoft.AspNetCore.Routing.EndpointMiddleware|Executing endpoint 'VegaCityApp.API.Controllers.Admin.AdminController.ApproveUser (VegaCityApp.API)' |url: https://localhost/api/v1/approve-user|action: ApproveUser|Microsoft.AspNetCore.Routing.EndpointMiddleware+Log.ExecutingEndpoint
2024-09-05 13:29:31.2206|3|INFO|Microsoft.AspNetCore.Mvc.Infrastructure.ControllerActionInvoker|Route matched with {action = "ApproveUser", controller = "Admin"}. Executing controller action with signature System.Threading.Tasks.Task`1[Microsoft.AspNetCore.Mvc.IActionResult] ApproveUser(VegaCityApp.API.Payload.Request.ApproveRequest) on controller VegaCityApp.API.Controllers.Admin.AdminController (VegaCityApp.API). |url: https://localhost/api/v1/approve-user|action: ApproveUser|Microsoft.AspNetCore.Mvc.MvcCoreLoggerExtensions.ExecutingAction
2024-09-05 13:29:34.2341|10403|INFO|Microsoft.EntityFrameworkCore.Infrastructure|Entity Framework Core 6.0.10 initialized 'VegaCityAppContext' using provider 'Microsoft.EntityFrameworkCore.SqlServer:6.0.10' with options: None |url: https://localhost/api/v1/approve-user|action: ApproveUser|Microsoft.EntityFrameworkCore.Diagnostics.CoreLoggerExtensions.ContextInitialized
2024-09-05 13:29:34.2562|20101|INFO|Microsoft.EntityFrameworkCore.Database.Command|Executed DbCommand (13ms) [Parameters=[@__Parse_0='?' (DbType = Guid)], CommandType='Text', CommandTimeout='30']
SELECT TOP(1) [u].[Id], [u].[Address], [u].[Birthday], [u].[CCCD], [u].[crDate], [u].[Description], [u].[Email], [u].[FullName], [u].[Gender], [u].[ImageUrl], [u].[IsChange], [u].[MarketZoneId], [u].[Password], [u].[PhoneNumber], [u].[PinCode], [u].[RoleId], [u].[Status], [u].[StoreId], [u].[upsDate]
FROM [User] AS [u]
WHERE [u].[Id] = @__Parse_0 |url: https://localhost/api/v1/approve-user|action: ApproveUser|Microsoft.EntityFrameworkCore.Diagnostics.Internal.RelationalCommandDiagnosticsLogger.CommandReaderExecutedAsync
2024-09-05 13:29:49.5444|63|INFO|Microsoft.AspNetCore.DataProtection.KeyManagement.XmlKeyManager|User profile is available. Using 'C:\Users\meryc\AppData\Local\ASP.NET\DataProtection-Keys' as key repository and Windows DPAPI to encrypt keys at rest. |url: |action: |Microsoft.Extensions.Logging.LoggingExtensions.UsingProfileAsKeyRepositoryWithDPAPI
2024-09-05 13:29:49.7375|14|INFO|Microsoft.Hosting.Lifetime|Now listening on: https://localhost:7127 |url: |action: |Microsoft.AspNetCore.Hosting.GenericWebHostService.StartAsync
2024-09-05 13:29:49.7375|14|INFO|Microsoft.Hosting.Lifetime|Now listening on: http://localhost:5137 |url: |action: |Microsoft.AspNetCore.Hosting.GenericWebHostService.StartAsync
2024-09-05 13:29:49.7375|0|INFO|Microsoft.Hosting.Lifetime|Application started. Press Ctrl+C to shut down. |url: |action: |Microsoft.Extensions.Hosting.Internal.ConsoleLifetime.OnApplicationStarted
2024-09-05 13:29:49.7375|0|INFO|Microsoft.Hosting.Lifetime|Hosting environment: Development |url: |action: |Microsoft.Extensions.Hosting.Internal.ConsoleLifetime.OnApplicationStarted
2024-09-05 13:29:49.7375|0|INFO|Microsoft.Hosting.Lifetime|Content root path: D:\LEARNING\codeForMe\Final-Capstone\VegaCityAPI\VegaCityApp\ |url: |action: |Microsoft.Extensions.Hosting.Internal.ConsoleLifetime.OnApplicationStarted
2024-09-05 13:29:50.4040|1|INFO|Microsoft.AspNetCore.Hosting.Diagnostics|Request starting HTTP/2 GET https://localhost:7127/swagger - - |url: https://localhost/swagger|action: |Microsoft.AspNetCore.Hosting.HostingApplicationDiagnostics.LogRequestStarting
2024-09-05 13:29:50.5371|2|INFO|Microsoft.AspNetCore.Hosting.Diagnostics|Request finished HTTP/2 GET https://localhost:7127/swagger - - - 301 0 - 137.6969ms |url: https://localhost/swagger|action: |Microsoft.AspNetCore.Hosting.HostingApplicationDiagnostics.LogRequestFinished
2024-09-05 13:29:50.5371|1|INFO|Microsoft.AspNetCore.Hosting.Diagnostics|Request starting HTTP/2 GET https://localhost:7127/swagger/index.html - - |url: https://localhost/swagger/index.html|action: |Microsoft.AspNetCore.Hosting.HostingApplicationDiagnostics.LogRequestStarting
2024-09-05 13:29:50.8259|1|INFO|Microsoft.AspNetCore.Hosting.Diagnostics|Request starting HTTP/2 GET https://localhost:7127/swagger/swagger-ui.css - - |url: https://localhost/swagger/swagger-ui.css|action: |Microsoft.AspNetCore.Hosting.HostingApplicationDiagnostics.LogRequestStarting
2024-09-05 13:29:50.8259|1|INFO|Microsoft.AspNetCore.Hosting.Diagnostics|Request starting HTTP/2 GET https://localhost:7127/swagger/swagger-ui-bundle.js - - |url: https://localhost/swagger/swagger-ui-bundle.js|action: |Microsoft.AspNetCore.Hosting.HostingApplicationDiagnostics.LogRequestStarting
2024-09-05 13:29:50.8259|1|INFO|Microsoft.AspNetCore.Hosting.Diagnostics|Request starting HTTP/2 GET https://localhost:7127/swagger/swagger-ui-standalone-preset.js - - |url: https://localhost/swagger/swagger-ui-standalone-preset.js|action: |Microsoft.AspNetCore.Hosting.HostingApplicationDiagnostics.LogRequestStarting
2024-09-05 13:29:50.8259|1|INFO|Microsoft.AspNetCore.Hosting.Diagnostics|Request starting HTTP/2 GET https://localhost:7127/_framework/aspnetcore-browser-refresh.js - - |url: https://localhost/_framework/aspnetcore-browser-refresh.js|action: |Microsoft.AspNetCore.Hosting.HostingApplicationDiagnostics.LogRequestStarting
2024-09-05 13:29:50.8259|1|INFO|Microsoft.AspNetCore.Hosting.Diagnostics|Request starting HTTP/2 GET https://localhost:7127/_vs/browserLink - - |url: https://localhost/_vs/browserLink|action: |Microsoft.AspNetCore.Hosting.HostingApplicationDiagnostics.LogRequestStarting
2024-09-05 13:29:50.8376|2|INFO|Microsoft.AspNetCore.Hosting.Diagnostics|Request finished HTTP/2 GET https://localhost:7127/_framework/aspnetcore-browser-refresh.js - - - 200 12362 application/javascript;+charset=utf-8 10.2901ms |url: https://localhost/_framework/aspnetcore-browser-refresh.js|action: |Microsoft.AspNetCore.Hosting.HostingApplicationDiagnostics.LogRequestFinished
2024-09-05 13:29:50.8614|2|INFO|Microsoft.AspNetCore.Hosting.Diagnostics|Request finished HTTP/2 GET https://localhost:7127/swagger/index.html - - - 200 - text/html;charset=utf-8 319.2013ms |url: https://localhost/swagger/index.html|action: |Microsoft.AspNetCore.Hosting.HostingApplicationDiagnostics.LogRequestFinished
2024-09-05 13:29:50.8614|2|INFO|Microsoft.AspNetCore.StaticFiles.StaticFileMiddleware|Sending file. Request path: '/swagger-ui-standalone-preset.js'. Physical path: 'N/A' |url: https://localhost/swagger/swagger-ui-standalone-preset.js|action: |Microsoft.AspNetCore.StaticFiles.LoggerExtensions.FileServedCore
2024-09-05 13:29:50.8614|2|INFO|Microsoft.AspNetCore.StaticFiles.StaticFileMiddleware|Sending file. Request path: '/swagger-ui.css'. Physical path: 'N/A' |url: https://localhost/swagger/swagger-ui.css|action: |Microsoft.AspNetCore.StaticFiles.LoggerExtensions.FileServedCore
2024-09-05 13:29:50.8614|2|INFO|Microsoft.AspNetCore.Hosting.Diagnostics|Request finished HTTP/2 GET https://localhost:7127/swagger/swagger-ui-standalone-preset.js - - - 200 312163 application/javascript 48.3197ms |url: https://localhost/swagger/swagger-ui-standalone-preset.js|action: |Microsoft.AspNetCore.Hosting.HostingApplicationDiagnostics.LogRequestFinished
2024-09-05 13:29:50.8614|2|INFO|Microsoft.AspNetCore.Hosting.Diagnostics|Request finished HTTP/2 GET https://localhost:7127/swagger/swagger-ui.css - - - 200 144929 text/css 48.6222ms |url: https://localhost/swagger/swagger-ui.css|action: |Microsoft.AspNetCore.Hosting.HostingApplicationDiagnostics.LogRequestFinished
2024-09-05 13:29:50.9026|2|INFO|Microsoft.AspNetCore.Hosting.Diagnostics|Request finished HTTP/2 GET https://localhost:7127/_vs/browserLink - - - 200 - text/javascript;+charset=UTF-8 75.9288ms |url: https://localhost/_vs/browserLink|action: |Microsoft.AspNetCore.Hosting.HostingApplicationDiagnostics.LogRequestFinished
2024-09-05 13:29:50.9026|2|INFO|Microsoft.AspNetCore.StaticFiles.StaticFileMiddleware|Sending file. Request path: '/swagger-ui-bundle.js'. Physical path: 'N/A' |url: https://localhost/swagger/swagger-ui-bundle.js|action: |Microsoft.AspNetCore.StaticFiles.LoggerExtensions.FileServedCore
2024-09-05 13:29:50.9026|2|INFO|Microsoft.AspNetCore.Hosting.Diagnostics|Request finished HTTP/2 GET https://localhost:7127/swagger/swagger-ui-bundle.js - - - 200 1061536 application/javascript 78.7790ms |url: https://localhost/swagger/swagger-ui-bundle.js|action: |Microsoft.AspNetCore.Hosting.HostingApplicationDiagnostics.LogRequestFinished
2024-09-05 13:29:51.0459|1|INFO|Microsoft.AspNetCore.Hosting.Diagnostics|Request starting HTTP/2 GET https://localhost:7127/swagger/v1/swagger.json - - |url: https://localhost/swagger/v1/swagger.json|action: |Microsoft.AspNetCore.Hosting.HostingApplicationDiagnostics.LogRequestStarting
2024-09-05 13:29:51.0680|1|INFO|Microsoft.AspNetCore.Hosting.Diagnostics|Request starting HTTP/2 GET https://localhost:7127/swagger/favicon-32x32.png - - |url: https://localhost/swagger/favicon-32x32.png|action: |Microsoft.AspNetCore.Hosting.HostingApplicationDiagnostics.LogRequestStarting
2024-09-05 13:29:51.0680|2|INFO|Microsoft.AspNetCore.StaticFiles.StaticFileMiddleware|Sending file. Request path: '/favicon-32x32.png'. Physical path: 'N/A' |url: https://localhost/swagger/favicon-32x32.png|action: |Microsoft.AspNetCore.StaticFiles.LoggerExtensions.FileServedCore
2024-09-05 13:29:51.0680|2|INFO|Microsoft.AspNetCore.Hosting.Diagnostics|Request finished HTTP/2 GET https://localhost:7127/swagger/favicon-32x32.png - - - 200 628 image/png 2.8271ms |url: https://localhost/swagger/favicon-32x32.png|action: |Microsoft.AspNetCore.Hosting.HostingApplicationDiagnostics.LogRequestFinished
2024-09-05 13:29:51.1798|2|INFO|Microsoft.AspNetCore.Hosting.Diagnostics|Request finished HTTP/2 GET https://localhost:7127/swagger/v1/swagger.json - - - 200 - application/json;charset=utf-8 133.9034ms |url: https://localhost/swagger/v1/swagger.json|action: |Microsoft.AspNetCore.Hosting.HostingApplicationDiagnostics.LogRequestFinished
2024-09-05 13:29:56.1013|1|INFO|Microsoft.AspNetCore.Hosting.Diagnostics|Request starting HTTP/2 POST https://localhost:7127/api/v1/approve-user application/json 218 |url: https://localhost/api/v1/approve-user|action: |Microsoft.AspNetCore.Hosting.HostingApplicationDiagnostics.LogRequestStarting
2024-09-05 13:29:56.1013|4|INFO|Microsoft.AspNetCore.Cors.Infrastructure.CorsService|CORS policy execution successful. |url: https://localhost/api/v1/approve-user|action: ApproveUser|Microsoft.AspNetCore.Cors.CORSLoggerExtensions.PolicySuccess
2024-09-05 13:29:56.1539|0|INFO|Microsoft.AspNetCore.Routing.EndpointMiddleware|Executing endpoint 'VegaCityApp.API.Controllers.Admin.AdminController.ApproveUser (VegaCityApp.API)' |url: https://localhost/api/v1/approve-user|action: ApproveUser|Microsoft.AspNetCore.Routing.EndpointMiddleware+Log.ExecutingEndpoint
2024-09-05 13:29:56.1754|3|INFO|Microsoft.AspNetCore.Mvc.Infrastructure.ControllerActionInvoker|Route matched with {action = "ApproveUser", controller = "Admin"}. Executing controller action with signature System.Threading.Tasks.Task`1[Microsoft.AspNetCore.Mvc.IActionResult] ApproveUser(VegaCityApp.API.Payload.Request.ApproveRequest) on controller VegaCityApp.API.Controllers.Admin.AdminController (VegaCityApp.API). |url: https://localhost/api/v1/approve-user|action: ApproveUser|Microsoft.AspNetCore.Mvc.MvcCoreLoggerExtensions.ExecutingAction
2024-09-05 13:30:02.9889|10403|INFO|Microsoft.EntityFrameworkCore.Infrastructure|Entity Framework Core 6.0.10 initialized 'VegaCityAppContext' using provider 'Microsoft.EntityFrameworkCore.SqlServer:6.0.10' with options: None |url: https://localhost/api/v1/approve-user|action: ApproveUser|Microsoft.EntityFrameworkCore.Diagnostics.CoreLoggerExtensions.ContextInitialized
2024-09-05 13:30:03.8557|20101|INFO|Microsoft.EntityFrameworkCore.Database.Command|Executed DbCommand (76ms) [Parameters=[@__Parse_0='?' (DbType = Guid)], CommandType='Text', CommandTimeout='30']
SELECT TOP(1) [u].[Id], [u].[Address], [u].[Birthday], [u].[CCCD], [u].[crDate], [u].[Description], [u].[Email], [u].[FullName], [u].[Gender], [u].[ImageUrl], [u].[IsChange], [u].[MarketZoneId], [u].[Password], [u].[PhoneNumber], [u].[PinCode], [u].[RoleId], [u].[Status], [u].[StoreId], [u].[upsDate]
FROM [User] AS [u]
WHERE [u].[Id] = @__Parse_0 |url: https://localhost/api/v1/approve-user|action: ApproveUser|Microsoft.EntityFrameworkCore.Diagnostics.Internal.RelationalCommandDiagnosticsLogger.CommandReaderExecutedAsync
2024-09-05 13:30:46.8411|63|INFO|Microsoft.AspNetCore.DataProtection.KeyManagement.XmlKeyManager|User profile is available. Using 'C:\Users\meryc\AppData\Local\ASP.NET\DataProtection-Keys' as key repository and Windows DPAPI to encrypt keys at rest. |url: |action: |Microsoft.Extensions.Logging.LoggingExtensions.UsingProfileAsKeyRepositoryWithDPAPI
2024-09-05 13:30:47.0354|14|INFO|Microsoft.Hosting.Lifetime|Now listening on: https://localhost:7127 |url: |action: |Microsoft.AspNetCore.Hosting.GenericWebHostService.StartAsync
2024-09-05 13:30:47.0354|14|INFO|Microsoft.Hosting.Lifetime|Now listening on: http://localhost:5137 |url: |action: |Microsoft.AspNetCore.Hosting.GenericWebHostService.StartAsync
2024-09-05 13:30:47.0354|0|INFO|Microsoft.Hosting.Lifetime|Application started. Press Ctrl+C to shut down. |url: |action: |Microsoft.Extensions.Hosting.Internal.ConsoleLifetime.OnApplicationStarted
2024-09-05 13:30:47.0354|0|INFO|Microsoft.Hosting.Lifetime|Hosting environment: Development |url: |action: |Microsoft.Extensions.Hosting.Internal.ConsoleLifetime.OnApplicationStarted
2024-09-05 13:30:47.0354|0|INFO|Microsoft.Hosting.Lifetime|Content root path: D:\LEARNING\codeForMe\Final-Capstone\VegaCityAPI\VegaCityApp\ |url: |action: |Microsoft.Extensions.Hosting.Internal.ConsoleLifetime.OnApplicationStarted
2024-09-05 13:30:47.6948|1|INFO|Microsoft.AspNetCore.Hosting.Diagnostics|Request starting HTTP/2 GET https://localhost:7127/swagger - - |url: https://localhost/swagger|action: |Microsoft.AspNetCore.Hosting.HostingApplicationDiagnostics.LogRequestStarting
2024-09-05 13:30:47.8252|2|INFO|Microsoft.AspNetCore.Hosting.Diagnostics|Request finished HTTP/2 GET https://localhost:7127/swagger - - - 301 0 - 133.4565ms |url: https://localhost/swagger|action: |Microsoft.AspNetCore.Hosting.HostingApplicationDiagnostics.LogRequestFinished
2024-09-05 13:30:47.8305|1|INFO|Microsoft.AspNetCore.Hosting.Diagnostics|Request starting HTTP/2 GET https://localhost:7127/swagger/index.html - - |url: https://localhost/swagger/index.html|action: |Microsoft.AspNetCore.Hosting.HostingApplicationDiagnostics.LogRequestStarting
2024-09-05 13:30:48.1084|1|INFO|Microsoft.AspNetCore.Hosting.Diagnostics|Request starting HTTP/2 GET https://localhost:7127/swagger/swagger-ui-bundle.js - - |url: https://localhost/swagger/swagger-ui-bundle.js|action: |Microsoft.AspNetCore.Hosting.HostingApplicationDiagnostics.LogRequestStarting
2024-09-05 13:30:48.1084|1|INFO|Microsoft.AspNetCore.Hosting.Diagnostics|Request starting HTTP/2 GET https://localhost:7127/swagger/swagger-ui.css - - |url: https://localhost/swagger/swagger-ui.css|action: |Microsoft.AspNetCore.Hosting.HostingApplicationDiagnostics.LogRequestStarting
2024-09-05 13:30:48.1084|1|INFO|Microsoft.AspNetCore.Hosting.Diagnostics|Request starting HTTP/2 GET https://localhost:7127/_framework/aspnetcore-browser-refresh.js - - |url: https://localhost/_framework/aspnetcore-browser-refresh.js|action: |Microsoft.AspNetCore.Hosting.HostingApplicationDiagnostics.LogRequestStarting
2024-09-05 13:30:48.1084|1|INFO|Microsoft.AspNetCore.Hosting.Diagnostics|Request starting HTTP/2 GET https://localhost:7127/swagger/swagger-ui-standalone-preset.js - - |url: https://localhost/swagger/swagger-ui-standalone-preset.js|action: |Microsoft.AspNetCore.Hosting.HostingApplicationDiagnostics.LogRequestStarting
2024-09-05 13:30:48.1084|1|INFO|Microsoft.AspNetCore.Hosting.Diagnostics|Request starting HTTP/2 GET https://localhost:7127/_vs/browserLink - - |url: https://localhost/_vs/browserLink|action: |Microsoft.AspNetCore.Hosting.HostingApplicationDiagnostics.LogRequestStarting
2024-09-05 13:30:48.1152|2|INFO|Microsoft.AspNetCore.Hosting.Diagnostics|Request finished HTTP/2 GET https://localhost:7127/_framework/aspnetcore-browser-refresh.js - - - 200 12362 application/javascript;+charset=utf-8 6.5035ms |url: https://localhost/_framework/aspnetcore-browser-refresh.js|action: |Microsoft.AspNetCore.Hosting.HostingApplicationDiagnostics.LogRequestFinished
2024-09-05 13:30:48.1152|2|INFO|Microsoft.AspNetCore.Hosting.Diagnostics|Request finished HTTP/2 GET https://localhost:7127/swagger/index.html - - - 200 - text/html;charset=utf-8 289.3854ms |url: https://localhost/swagger/index.html|action: |Microsoft.AspNetCore.Hosting.HostingApplicationDiagnostics.LogRequestFinished
2024-09-05 13:30:48.1363|2|INFO|Microsoft.AspNetCore.StaticFiles.StaticFileMiddleware|Sending file. Request path: '/swagger-ui.css'. Physical path: 'N/A' |url: https://localhost/swagger/swagger-ui.css|action: |Microsoft.AspNetCore.StaticFiles.LoggerExtensions.FileServedCore
2024-09-05 13:30:48.1363|2|INFO|Microsoft.AspNetCore.Hosting.Diagnostics|Request finished HTTP/2 GET https://localhost:7127/swagger/swagger-ui.css - - - 200 144929 text/css 29.9717ms |url: https://localhost/swagger/swagger-ui.css|action: |Microsoft.AspNetCore.Hosting.HostingApplicationDiagnostics.LogRequestFinished
2024-09-05 13:30:48.1523|2|INFO|Microsoft.AspNetCore.StaticFiles.StaticFileMiddleware|Sending file. Request path: '/swagger-ui-standalone-preset.js'. Physical path: 'N/A' |url: https://localhost/swagger/swagger-ui-standalone-preset.js|action: |Microsoft.AspNetCore.StaticFiles.LoggerExtensions.FileServedCore
2024-09-05 13:30:48.1523|2|INFO|Microsoft.AspNetCore.Hosting.Diagnostics|Request finished HTTP/2 GET https://localhost:7127/swagger/swagger-ui-standalone-preset.js - - - 200 312163 application/javascript 45.2968ms |url: https://localhost/swagger/swagger-ui-standalone-preset.js|action: |Microsoft.AspNetCore.Hosting.HostingApplicationDiagnostics.LogRequestFinished
2024-09-05 13:30:48.1523|2|INFO|Microsoft.AspNetCore.StaticFiles.StaticFileMiddleware|Sending file. Request path: '/swagger-ui-bundle.js'. Physical path: 'N/A' |url: https://localhost/swagger/swagger-ui-bundle.js|action: |Microsoft.AspNetCore.StaticFiles.LoggerExtensions.FileServedCore
2024-09-05 13:30:48.1523|2|INFO|Microsoft.AspNetCore.Hosting.Diagnostics|Request finished HTTP/2 GET https://localhost:7127/swagger/swagger-ui-bundle.js - - - 200 1061536 application/javascript 46.4590ms |url: https://localhost/swagger/swagger-ui-bundle.js|action: |Microsoft.AspNetCore.Hosting.HostingApplicationDiagnostics.LogRequestFinished
2024-09-05 13:30:48.1523|2|INFO|Microsoft.AspNetCore.Hosting.Diagnostics|Request finished HTTP/2 GET https://localhost:7127/_vs/browserLink - - - 200 - text/javascript;+charset=UTF-8 46.4292ms |url: https://localhost/_vs/browserLink|action: |Microsoft.AspNetCore.Hosting.HostingApplicationDiagnostics.LogRequestFinished
2024-09-05 13:30:48.3259|1|INFO|Microsoft.AspNetCore.Hosting.Diagnostics|Request starting HTTP/2 GET https://localhost:7127/swagger/v1/swagger.json - - |url: https://localhost/swagger/v1/swagger.json|action: |Microsoft.AspNetCore.Hosting.HostingApplicationDiagnostics.LogRequestStarting
2024-09-05 13:30:48.3490|1|INFO|Microsoft.AspNetCore.Hosting.Diagnostics|Request starting HTTP/2 GET https://localhost:7127/swagger/favicon-32x32.png - - |url: https://localhost/swagger/favicon-32x32.png|action: |Microsoft.AspNetCore.Hosting.HostingApplicationDiagnostics.LogRequestStarting
2024-09-05 13:30:48.3490|2|INFO|Microsoft.AspNetCore.StaticFiles.StaticFileMiddleware|Sending file. Request path: '/favicon-32x32.png'. Physical path: 'N/A' |url: https://localhost/swagger/favicon-32x32.png|action: |Microsoft.AspNetCore.StaticFiles.LoggerExtensions.FileServedCore
2024-09-05 13:30:48.3490|2|INFO|Microsoft.AspNetCore.Hosting.Diagnostics|Request finished HTTP/2 GET https://localhost:7127/swagger/favicon-32x32.png - - - 200 628 image/png 1.3759ms |url: https://localhost/swagger/favicon-32x32.png|action: |Microsoft.AspNetCore.Hosting.HostingApplicationDiagnostics.LogRequestFinished
2024-09-05 13:30:48.4622|2|INFO|Microsoft.AspNetCore.Hosting.Diagnostics|Request finished HTTP/2 GET https://localhost:7127/swagger/v1/swagger.json - - - 200 - application/json;charset=utf-8 136.3020ms |url: https://localhost/swagger/v1/swagger.json|action: |Microsoft.AspNetCore.Hosting.HostingApplicationDiagnostics.LogRequestFinished
2024-09-05 13:31:33.4697|1|INFO|Microsoft.AspNetCore.Hosting.Diagnostics|Request starting HTTP/2 POST https://localhost:7127/api/v1/approve-user application/json 218 |url: https://localhost/api/v1/approve-user|action: |Microsoft.AspNetCore.Hosting.HostingApplicationDiagnostics.LogRequestStarting
2024-09-05 13:31:33.4755|4|INFO|Microsoft.AspNetCore.Cors.Infrastructure.CorsService|CORS policy execution successful. |url: https://localhost/api/v1/approve-user|action: ApproveUser|Microsoft.AspNetCore.Cors.CORSLoggerExtensions.PolicySuccess
2024-09-05 13:31:33.5239|0|INFO|Microsoft.AspNetCore.Routing.EndpointMiddleware|Executing endpoint 'VegaCityApp.API.Controllers.Admin.AdminController.ApproveUser (VegaCityApp.API)' |url: https://localhost/api/v1/approve-user|action: ApproveUser|Microsoft.AspNetCore.Routing.EndpointMiddleware+Log.ExecutingEndpoint
2024-09-05 13:31:33.5463|3|INFO|Microsoft.AspNetCore.Mvc.Infrastructure.ControllerActionInvoker|Route matched with {action = "ApproveUser", controller = "Admin"}. Executing controller action with signature System.Threading.Tasks.Task`1[Microsoft.AspNetCore.Mvc.IActionResult] ApproveUser(VegaCityApp.API.Payload.Request.ApproveRequest) on controller VegaCityApp.API.Controllers.Admin.AdminController (VegaCityApp.API). |url: https://localhost/api/v1/approve-user|action: ApproveUser|Microsoft.AspNetCore.Mvc.MvcCoreLoggerExtensions.ExecutingAction
2024-09-05 13:31:36.5977|10403|INFO|Microsoft.EntityFrameworkCore.Infrastructure|Entity Framework Core 6.0.10 initialized 'VegaCityAppContext' using provider 'Microsoft.EntityFrameworkCore.SqlServer:6.0.10' with options: None |url: https://localhost/api/v1/approve-user|action: ApproveUser|Microsoft.EntityFrameworkCore.Diagnostics.CoreLoggerExtensions.ContextInitialized
2024-09-05 13:31:37.5064|20101|INFO|Microsoft.EntityFrameworkCore.Database.Command|Executed DbCommand (76ms) [Parameters=[@__Parse_0='?' (DbType = Guid)], CommandType='Text', CommandTimeout='30']
SELECT TOP(1) [u].[Id], [u].[Address], [u].[Birthday], [u].[CCCD], [u].[crDate], [u].[Description], [u].[Email], [u].[FullName], [u].[Gender], [u].[ImageUrl], [u].[IsChange], [u].[MarketZoneId], [u].[Password], [u].[PhoneNumber], [u].[PinCode], [u].[RoleId], [u].[Status], [u].[StoreId], [u].[upsDate]
FROM [User] AS [u]
WHERE [u].[Id] = @__Parse_0 |url: https://localhost/api/v1/approve-user|action: ApproveUser|Microsoft.EntityFrameworkCore.Diagnostics.Internal.RelationalCommandDiagnosticsLogger.CommandReaderExecutedAsync
2024-09-05 13:31:53.1171|20101|INFO|Microsoft.EntityFrameworkCore.Database.Command|Executed DbCommand (11ms) [Parameters=[@p0='?' (DbType = Guid), @p1='?' (Size = 100), @p2='?' (DbType = DateTime), @p3='?' (DbType = Boolean), @p4='?' (Size = 200), @p5='?' (Size = 100) (DbType = AnsiString), @p6='?' (DbType = Guid), @p7='?' (DbType = Guid), @p8='?' (Size = 100) (DbType = AnsiString), @p9='?' (Size = 10) (DbType = AnsiStringFixedLength), @p10='?' (Size = 50), @p11='?' (DbType = Int32), @p12='?' (DbType = Int32), @p13='?' (DbType = DateTime)], CommandType='Text', CommandTimeout='30']
SET NOCOUNT ON;
INSERT INTO [Store] ([Id], [Address], [crDate], [Deflag], [Description], [Email], [HouseId], [MarketZoneId], [Name], [PhoneNumber], [ShortName], [Status], [StoreType], [upsDate])
VALUES (@p0, @p1, @p2, @p3, @p4, @p5, @p6, @p7, @p8, @p9, @p10, @p11, @p12, @p13); |url: https://localhost/api/v1/approve-user|action: ApproveUser|Microsoft.EntityFrameworkCore.Diagnostics.Internal.RelationalCommandDiagnosticsLogger.CommandReaderExecutedAsync
2024-09-05 13:32:09.3211|20101|INFO|Microsoft.EntityFrameworkCore.Database.Command|Executed DbCommand (20ms) [Parameters=[@__guidUserId_0='?' (DbType = Guid)], CommandType='Text', CommandTimeout='30']
SELECT TOP(1) [u].[Id], [u].[Address], [u].[Birthday], [u].[CCCD], [u].[crDate], [u].[Description], [u].[Email], [u].[FullName], [u].[Gender], [u].[ImageUrl], [u].[IsChange], [u].[MarketZoneId], [u].[Password], [u].[PhoneNumber], [u].[PinCode], [u].[RoleId], [u].[Status], [u].[StoreId], [u].[upsDate]
FROM [User] AS [u]
WHERE [u].[Id] = @__guidUserId_0 |url: https://localhost/api/v1/approve-user|action: ApproveUser|Microsoft.EntityFrameworkCore.Diagnostics.Internal.RelationalCommandDiagnosticsLogger.CommandReaderExecutedAsync
2024-09-05 13:32:40.6031|20101|INFO|Microsoft.EntityFrameworkCore.Database.Command|Executed DbCommand (11ms) [Parameters=[@p18='?' (DbType = Guid), @p0='?' (Size = 200), @p1='?' (DbType = Date), @p2='?' (Size = 12) (DbType = AnsiStringFixedLength), @p3='?' (DbType = DateTime), @p4='?' (Size = 400) (DbType = AnsiString), @p5='?' (Size = 100) (DbType = AnsiString), @p6='?' (Size = 50), @p7='?' (DbType = Int32), @p8='?' (Size = 8000) (DbType = AnsiString), @p9='?' (DbType = Boolean), @p10='?' (DbType = Guid), @p11='?' (Size = 200) (DbType = AnsiString), @p12='?' (Size = 10) (DbType = AnsiStringFixedLength), @p13='?' (Size = 8000) (DbType = AnsiString), @p14='?' (DbType = Guid), @p15='?' (DbType = Int32), @p16='?' (DbType = Guid), @p17='?' (DbType = DateTime)], CommandType='Text', CommandTimeout='30']
SET NOCOUNT ON;
UPDATE [User] SET [Address] = @p0, [Birthday] = @p1, [CCCD] = @p2, [crDate] = @p3, [Description] = @p4, [Email] = @p5, [FullName] = @p6, [Gender] = @p7, [ImageUrl] = @p8, [IsChange] = @p9, [MarketZoneId] = @p10, [Password] = @p11, [PhoneNumber] = @p12, [PinCode] = @p13, [RoleId] = @p14, [Status] = @p15, [StoreId] = @p16, [upsDate] = @p17
WHERE [Id] = @p18;
SELECT @@ROWCOUNT; |url: https://localhost/api/v1/approve-user|action: ApproveUser|Microsoft.EntityFrameworkCore.Diagnostics.Internal.RelationalCommandDiagnosticsLogger.CommandReaderExecutedAsync
2024-09-05 13:37:10.7466|63|INFO|Microsoft.AspNetCore.DataProtection.KeyManagement.XmlKeyManager|User profile is available. Using 'C:\Users\meryc\AppData\Local\ASP.NET\DataProtection-Keys' as key repository and Windows DPAPI to encrypt keys at rest. |url: |action: |Microsoft.Extensions.Logging.LoggingExtensions.UsingProfileAsKeyRepositoryWithDPAPI
2024-09-05 13:37:10.9335|14|INFO|Microsoft.Hosting.Lifetime|Now listening on: https://localhost:7127 |url: |action: |Microsoft.AspNetCore.Hosting.GenericWebHostService.StartAsync
2024-09-05 13:37:10.9335|14|INFO|Microsoft.Hosting.Lifetime|Now listening on: http://localhost:5137 |url: |action: |Microsoft.AspNetCore.Hosting.GenericWebHostService.StartAsync
2024-09-05 13:37:10.9335|0|INFO|Microsoft.Hosting.Lifetime|Application started. Press Ctrl+C to shut down. |url: |action: |Microsoft.Extensions.Hosting.Internal.ConsoleLifetime.OnApplicationStarted
2024-09-05 13:37:10.9335|0|INFO|Microsoft.Hosting.Lifetime|Hosting environment: Development |url: |action: |Microsoft.Extensions.Hosting.Internal.ConsoleLifetime.OnApplicationStarted
2024-09-05 13:37:10.9335|0|INFO|Microsoft.Hosting.Lifetime|Content root path: D:\LEARNING\codeForMe\Final-Capstone\VegaCityAPI\VegaCityApp\ |url: |action: |Microsoft.Extensions.Hosting.Internal.ConsoleLifetime.OnApplicationStarted
2024-09-05 13:37:11.4779|1|INFO|Microsoft.AspNetCore.Hosting.Diagnostics|Request starting HTTP/2 GET https://localhost:7127/swagger - - |url: https://localhost/swagger|action: |Microsoft.AspNetCore.Hosting.HostingApplicationDiagnostics.LogRequestStarting
2024-09-05 13:37:11.6208|2|INFO|Microsoft.AspNetCore.Hosting.Diagnostics|Request finished HTTP/2 GET https://localhost:7127/swagger - - - 301 0 - 145.8641ms |url: https://localhost/swagger|action: |Microsoft.AspNetCore.Hosting.HostingApplicationDiagnostics.LogRequestFinished
2024-09-05 13:37:11.6208|1|INFO|Microsoft.AspNetCore.Hosting.Diagnostics|Request starting HTTP/2 GET https://localhost:7127/swagger/index.html - - |url: https://localhost/swagger/index.html|action: |Microsoft.AspNetCore.Hosting.HostingApplicationDiagnostics.LogRequestStarting
2024-09-05 13:37:11.9053|1|INFO|Microsoft.AspNetCore.Hosting.Diagnostics|Request starting HTTP/2 GET https://localhost:7127/swagger/swagger-ui-bundle.js - - |url: https://localhost/swagger/swagger-ui-bundle.js|action: |Microsoft.AspNetCore.Hosting.HostingApplicationDiagnostics.LogRequestStarting
2024-09-05 13:37:11.9053|1|INFO|Microsoft.AspNetCore.Hosting.Diagnostics|Request starting HTTP/2 GET https://localhost:7127/swagger/swagger-ui-standalone-preset.js - - |url: https://localhost/swagger/swagger-ui-standalone-preset.js|action: |Microsoft.AspNetCore.Hosting.HostingApplicationDiagnostics.LogRequestStarting
2024-09-05 13:37:11.9053|1|INFO|Microsoft.AspNetCore.Hosting.Diagnostics|Request starting HTTP/2 GET https://localhost:7127/swagger/swagger-ui.css - - |url: https://localhost/swagger/swagger-ui.css|action: |Microsoft.AspNetCore.Hosting.HostingApplicationDiagnostics.LogRequestStarting
2024-09-05 13:37:11.9053|1|INFO|Microsoft.AspNetCore.Hosting.Diagnostics|Request starting HTTP/2 GET https://localhost:7127/_framework/aspnetcore-browser-refresh.js - - |url: https://localhost/_framework/aspnetcore-browser-refresh.js|action: |Microsoft.AspNetCore.Hosting.HostingApplicationDiagnostics.LogRequestStarting
2024-09-05 13:37:11.9053|1|INFO|Microsoft.AspNetCore.Hosting.Diagnostics|Request starting HTTP/2 GET https://localhost:7127/_vs/browserLink - - |url: https://localhost/_vs/browserLink|action: |Microsoft.AspNetCore.Hosting.HostingApplicationDiagnostics.LogRequestStarting
2024-09-05 13:37:11.9138|2|INFO|Microsoft.AspNetCore.Hosting.Diagnostics|Request finished HTTP/2 GET https://localhost:7127/_framework/aspnetcore-browser-refresh.js - - - 200 12362 application/javascript;+charset=utf-8 8.2188ms |url: https://localhost/_framework/aspnetcore-browser-refresh.js|action: |Microsoft.AspNetCore.Hosting.HostingApplicationDiagnostics.LogRequestFinished
2024-09-05 13:37:11.9138|2|INFO|Microsoft.AspNetCore.Hosting.Diagnostics|Request finished HTTP/2 GET https://localhost:7127/swagger/index.html - - - 200 - text/html;charset=utf-8 289.9157ms |url: https://localhost/swagger/index.html|action: |Microsoft.AspNetCore.Hosting.HostingApplicationDiagnostics.LogRequestFinished
2024-09-05 13:37:11.9138|2|INFO|Microsoft.AspNetCore.StaticFiles.StaticFileMiddleware|Sending file. Request path: '/swagger-ui.css'. Physical path: 'N/A' |url: https://localhost/swagger/swagger-ui.css|action: |Microsoft.AspNetCore.StaticFiles.LoggerExtensions.FileServedCore
2024-09-05 13:37:11.9138|2|INFO|Microsoft.AspNetCore.StaticFiles.StaticFileMiddleware|Sending file. Request path: '/swagger-ui-standalone-preset.js'. Physical path: 'N/A' |url: https://localhost/swagger/swagger-ui-standalone-preset.js|action: |Microsoft.AspNetCore.StaticFiles.LoggerExtensions.FileServedCore
2024-09-05 13:37:11.9823|2|INFO|Microsoft.AspNetCore.Hosting.Diagnostics|Request finished HTTP/2 GET https://localhost:7127/swagger/swagger-ui-standalone-preset.js - - - 200 312163 application/javascript 76.9093ms |url: https://localhost/swagger/swagger-ui-standalone-preset.js|action: |Microsoft.AspNetCore.Hosting.HostingApplicationDiagnostics.LogRequestFinished
2024-09-05 13:37:11.9823|2|INFO|Microsoft.AspNetCore.Hosting.Diagnostics|Request finished HTTP/2 GET https://localhost:7127/swagger/swagger-ui.css - - - 200 144929 text/css 76.9908ms |url: https://localhost/swagger/swagger-ui.css|action: |Microsoft.AspNetCore.Hosting.HostingApplicationDiagnostics.LogRequestFinished
2024-09-05 13:37:11.9823|2|INFO|Microsoft.AspNetCore.StaticFiles.StaticFileMiddleware|Sending file. Request path: '/swagger-ui-bundle.js'. Physical path: 'N/A' |url: https://localhost/swagger/swagger-ui-bundle.js|action: |Microsoft.AspNetCore.StaticFiles.LoggerExtensions.FileServedCore
2024-09-05 13:37:11.9823|2|INFO|Microsoft.AspNetCore.Hosting.Diagnostics|Request finished HTTP/2 GET https://localhost:7127/swagger/swagger-ui-bundle.js - - - 200 1061536 application/javascript 77.9536ms |url: https://localhost/swagger/swagger-ui-bundle.js|action: |Microsoft.AspNetCore.Hosting.HostingApplicationDiagnostics.LogRequestFinished
2024-09-05 13:37:11.9867|2|INFO|Microsoft.AspNetCore.Hosting.Diagnostics|Request finished HTTP/2 GET https://localhost:7127/_vs/browserLink - - - 200 - text/javascript;+charset=UTF-8 80.6076ms |url: https://localhost/_vs/browserLink|action: |Microsoft.AspNetCore.Hosting.HostingApplicationDiagnostics.LogRequestFinished
2024-09-05 13:37:12.1307|1|INFO|Microsoft.AspNetCore.Hosting.Diagnostics|Request starting HTTP/2 GET https://localhost:7127/swagger/v1/swagger.json - - |url: https://localhost/swagger/v1/swagger.json|action: |Microsoft.AspNetCore.Hosting.HostingApplicationDiagnostics.LogRequestStarting
2024-09-05 13:37:12.1563|1|INFO|Microsoft.AspNetCore.Hosting.Diagnostics|Request starting HTTP/2 GET https://localhost:7127/swagger/favicon-32x32.png - - |url: https://localhost/swagger/favicon-32x32.png|action: |Microsoft.AspNetCore.Hosting.HostingApplicationDiagnostics.LogRequestStarting
2024-09-05 13:37:12.1563|2|INFO|Microsoft.AspNetCore.StaticFiles.StaticFileMiddleware|Sending file. Request path: '/favicon-32x32.png'. Physical path: 'N/A' |url: https://localhost/swagger/favicon-32x32.png|action: |Microsoft.AspNetCore.StaticFiles.LoggerExtensions.FileServedCore
2024-09-05 13:37:12.1563|2|INFO|Microsoft.AspNetCore.Hosting.Diagnostics|Request finished HTTP/2 GET https://localhost:7127/swagger/favicon-32x32.png - - - 200 628 image/png 1.5183ms |url: https://localhost/swagger/favicon-32x32.png|action: |Microsoft.AspNetCore.Hosting.HostingApplicationDiagnostics.LogRequestFinished
2024-09-05 13:37:12.2587|2|INFO|Microsoft.AspNetCore.Hosting.Diagnostics|Request finished HTTP/2 GET https://localhost:7127/swagger/v1/swagger.json - - - 200 - application/json;charset=utf-8 127.9818ms |url: https://localhost/swagger/v1/swagger.json|action: |Microsoft.AspNetCore.Hosting.HostingApplicationDiagnostics.LogRequestFinished
2024-09-05 13:38:04.2840|1|INFO|Microsoft.AspNetCore.Hosting.Diagnostics|Request starting HTTP/2 POST https://localhost:7127/api/v1/approve-user application/json 218 |url: https://localhost/api/v1/approve-user|action: |Microsoft.AspNetCore.Hosting.HostingApplicationDiagnostics.LogRequestStarting
2024-09-05 13:38:04.2840|4|INFO|Microsoft.AspNetCore.Cors.Infrastructure.CorsService|CORS policy execution successful. |url: https://localhost/api/v1/approve-user|action: ApproveUser|Microsoft.AspNetCore.Cors.CORSLoggerExtensions.PolicySuccess
2024-09-05 13:38:04.3357|0|INFO|Microsoft.AspNetCore.Routing.EndpointMiddleware|Executing endpoint 'VegaCityApp.API.Controllers.Admin.AdminController.ApproveUser (VegaCityApp.API)' |url: https://localhost/api/v1/approve-user|action: ApproveUser|Microsoft.AspNetCore.Routing.EndpointMiddleware+Log.ExecutingEndpoint
2024-09-05 13:38:04.3567|3|INFO|Microsoft.AspNetCore.Mvc.Infrastructure.ControllerActionInvoker|Route matched with {action = "ApproveUser", controller = "Admin"}. Executing controller action with signature System.Threading.Tasks.Task`1[Microsoft.AspNetCore.Mvc.IActionResult] ApproveUser(VegaCityApp.API.Payload.Request.ApproveRequest) on controller VegaCityApp.API.Controllers.Admin.AdminController (VegaCityApp.API). |url: https://localhost/api/v1/approve-user|action: ApproveUser|Microsoft.AspNetCore.Mvc.MvcCoreLoggerExtensions.ExecutingAction
2024-09-05 13:38:08.5189|10403|INFO|Microsoft.EntityFrameworkCore.Infrastructure|Entity Framework Core 6.0.10 initialized 'VegaCityAppContext' using provider 'Microsoft.EntityFrameworkCore.SqlServer:6.0.10' with options: None |url: https://localhost/api/v1/approve-user|action: ApproveUser|Microsoft.EntityFrameworkCore.Diagnostics.CoreLoggerExtensions.ContextInitialized
2024-09-05 13:38:09.3479|20101|INFO|Microsoft.EntityFrameworkCore.Database.Command|Executed DbCommand (75ms) [Parameters=[@__Parse_0='?' (DbType = Guid)], CommandType='Text', CommandTimeout='30']
SELECT TOP(1) [u].[Id], [u].[Address], [u].[Birthday], [u].[CCCD], [u].[crDate], [u].[Description], [u].[Email], [u].[FullName], [u].[Gender], [u].[ImageUrl], [u].[IsChange], [u].[MarketZoneId], [u].[Password], [u].[PhoneNumber], [u].[PinCode], [u].[RoleId], [u].[Status], [u].[StoreId], [u].[upsDate]
FROM [User] AS [u]
WHERE [u].[Id] = @__Parse_0 |url: https://localhost/api/v1/approve-user|action: ApproveUser|Microsoft.EntityFrameworkCore.Diagnostics.Internal.RelationalCommandDiagnosticsLogger.CommandReaderExecutedAsync
2024-09-05 13:38:17.4428|20101|INFO|Microsoft.EntityFrameworkCore.Database.Command|Executed DbCommand (11ms) [Parameters=[@p0='?' (DbType = Guid), @p1='?' (Size = 100), @p2='?' (DbType = DateTime), @p3='?' (DbType = Boolean), @p4='?' (Size = 200), @p5='?' (Size = 100) (DbType = AnsiString), @p6='?' (DbType = Guid), @p7='?' (DbType = Guid), @p8='?' (Size = 100) (DbType = AnsiString), @p9='?' (Size = 10) (DbType = AnsiStringFixedLength), @p10='?' (Size = 50), @p11='?' (DbType = Int32), @p12='?' (DbType = Int32), @p13='?' (DbType = DateTime)], CommandType='Text', CommandTimeout='30']
SET NOCOUNT ON;
INSERT INTO [Store] ([Id], [Address], [crDate], [Deflag], [Description], [Email], [HouseId], [MarketZoneId], [Name], [PhoneNumber], [ShortName], [Status], [StoreType], [upsDate])
VALUES (@p0, @p1, @p2, @p3, @p4, @p5, @p6, @p7, @p8, @p9, @p10, @p11, @p12, @p13); |url: https://localhost/api/v1/approve-user|action: ApproveUser|Microsoft.EntityFrameworkCore.Diagnostics.Internal.RelationalCommandDiagnosticsLogger.CommandReaderExecutedAsync
2024-09-05 13:38:18.2840|20101|INFO|Microsoft.EntityFrameworkCore.Database.Command|Executed DbCommand (311ms) [Parameters=[@p18='?' (DbType = Guid), @p0='?' (Size = 200), @p1='?' (DbType = Date), @p2='?' (Size = 12) (DbType = AnsiStringFixedLength), @p3='?' (DbType = DateTime), @p4='?' (Size = 400) (DbType = AnsiString), @p5='?' (Size = 100) (DbType = AnsiString), @p6='?' (Size = 50), @p7='?' (DbType = Int32), @p8='?' (Size = 8000) (DbType = AnsiString), @p9='?' (DbType = Boolean), @p10='?' (DbType = Guid), @p11='?' (Size = 200) (DbType = AnsiString), @p12='?' (Size = 10) (DbType = AnsiStringFixedLength), @p13='?' (Size = 8000) (DbType = AnsiString), @p14='?' (DbType = Guid), @p15='?' (DbType = Int32), @p16='?' (DbType = Guid), @p17='?' (DbType = DateTime)], CommandType='Text', CommandTimeout='30']
SET NOCOUNT ON;
UPDATE [User] SET [Address] = @p0, [Birthday] = @p1, [CCCD] = @p2, [crDate] = @p3, [Description] = @p4, [Email] = @p5, [FullName] = @p6, [Gender] = @p7, [ImageUrl] = @p8, [IsChange] = @p9, [MarketZoneId] = @p10, [Password] = @p11, [PhoneNumber] = @p12, [PinCode] = @p13, [RoleId] = @p14, [Status] = @p15, [StoreId] = @p16, [upsDate] = @p17
WHERE [Id] = @p18;
SELECT @@ROWCOUNT; |url: https://localhost/api/v1/approve-user|action: ApproveUser|Microsoft.EntityFrameworkCore.Diagnostics.Internal.RelationalCommandDiagnosticsLogger.CommandReaderExecutedAsync
2024-09-05 13:38:50.0781|1|INFO|Microsoft.AspNetCore.Mvc.Infrastructure.ObjectResultExecutor|Executing OkObjectResult, writing value of type 'VegaCityApp.API.Payload.Response.ResponseAPI'. |url: https://localhost/api/v1/approve-user|action: ApproveUser|Microsoft.AspNetCore.Mvc.MvcCoreLoggerExtensions.ObjectResultExecuting
2024-09-05 13:38:51.7237|2|INFO|Microsoft.AspNetCore.Mvc.Infrastructure.ControllerActionInvoker|Executed action VegaCityApp.API.Controllers.Admin.AdminController.ApproveUser (VegaCityApp.API) in 47363.1697ms |url: https://localhost/api/v1/approve-user|action: ApproveUser|Microsoft.AspNetCore.Mvc.MvcCoreLoggerExtensions.ExecutedAction
2024-09-05 13:38:51.7237|1|INFO|Microsoft.AspNetCore.Routing.EndpointMiddleware|Executed endpoint 'VegaCityApp.API.Controllers.Admin.AdminController.ApproveUser (VegaCityApp.API)' |url: https://localhost/api/v1/approve-user|action: ApproveUser|Microsoft.AspNetCore.Routing.EndpointMiddleware+Log.ExecutedEndpoint
2024-09-05 13:38:53.6119|2|INFO|Microsoft.AspNetCore.Hosting.Diagnostics|Request finished HTTP/2 POST https://localhost:7127/api/v1/approve-user application/json 218 - 200 - application/json;+charset=utf-8 49327.8783ms |url: https://localhost/api/v1/approve-user|action: ApproveUser|Microsoft.AspNetCore.Hosting.HostingApplicationDiagnostics.LogRequestFinished
2024-09-05 13:40:01.2253|1|INFO|Microsoft.AspNetCore.Hosting.Diagnostics|Request starting HTTP/2 POST https://localhost:7127/api/v1/approve-user application/json 218 |url: https://localhost/api/v1/approve-user|action: |Microsoft.AspNetCore.Hosting.HostingApplicationDiagnostics.LogRequestStarting
2024-09-05 13:40:01.2253|4|INFO|Microsoft.AspNetCore.Cors.Infrastructure.CorsService|CORS policy execution successful. |url: https://localhost/api/v1/approve-user|action: ApproveUser|Microsoft.AspNetCore.Cors.CORSLoggerExtensions.PolicySuccess
2024-09-05 13:40:01.2253|0|INFO|Microsoft.AspNetCore.Routing.EndpointMiddleware|Executing endpoint 'VegaCityApp.API.Controllers.Admin.AdminController.ApproveUser (VegaCityApp.API)' |url: https://localhost/api/v1/approve-user|action: ApproveUser|Microsoft.AspNetCore.Routing.EndpointMiddleware+Log.ExecutingEndpoint
2024-09-05 13:40:01.2253|3|INFO|Microsoft.AspNetCore.Mvc.Infrastructure.ControllerActionInvoker|Route matched with {action = "ApproveUser", controller = "Admin"}. Executing controller action with signature System.Threading.Tasks.Task`1[Microsoft.AspNetCore.Mvc.IActionResult] ApproveUser(VegaCityApp.API.Payload.Request.ApproveRequest) on controller VegaCityApp.API.Controllers.Admin.AdminController (VegaCityApp.API). |url: https://localhost/api/v1/approve-user|action: ApproveUser|Microsoft.AspNetCore.Mvc.MvcCoreLoggerExtensions.ExecutingAction
2024-09-05 13:40:04.1537|10403|INFO|Microsoft.EntityFrameworkCore.Infrastructure|Entity Framework Core 6.0.10 initialized 'VegaCityAppContext' using provider 'Microsoft.EntityFrameworkCore.SqlServer:6.0.10' with options: None |url: https://localhost/api/v1/approve-user|action: ApproveUser|Microsoft.EntityFrameworkCore.Diagnostics.CoreLoggerExtensions.ContextInitialized
2024-09-05 13:40:04.1765|20101|INFO|Microsoft.EntityFrameworkCore.Database.Command|Executed DbCommand (12ms) [Parameters=[@__Parse_0='?' (DbType = Guid)], CommandType='Text', CommandTimeout='30']
SELECT TOP(1) [u].[Id], [u].[Address], [u].[Birthday], [u].[CCCD], [u].[crDate], [u].[Description], [u].[Email], [u].[FullName], [u].[Gender], [u].[ImageUrl], [u].[IsChange], [u].[MarketZoneId], [u].[Password], [u].[PhoneNumber], [u].[PinCode], [u].[RoleId], [u].[Status], [u].[StoreId], [u].[upsDate]
FROM [User] AS [u]
WHERE [u].[Id] = @__Parse_0 |url: https://localhost/api/v1/approve-user|action: ApproveUser|Microsoft.EntityFrameworkCore.Diagnostics.Internal.RelationalCommandDiagnosticsLogger.CommandReaderExecutedAsync
2024-09-05 13:40:21.5660|20101|INFO|Microsoft.EntityFrameworkCore.Database.Command|Executed DbCommand (13ms) [Parameters=[@p0='?' (DbType = Guid), @p1='?' (Size = 100), @p2='?' (DbType = DateTime), @p3='?' (DbType = Boolean), @p4='?' (Size = 200), @p5='?' (Size = 100) (DbType = AnsiString), @p6='?' (DbType = Guid), @p7='?' (DbType = Guid), @p8='?' (Size = 100) (DbType = AnsiString), @p9='?' (Size = 10) (DbType = AnsiStringFixedLength), @p10='?' (Size = 50), @p11='?' (DbType = Int32), @p12='?' (DbType = Int32), @p13='?' (DbType = DateTime)], CommandType='Text', CommandTimeout='30']
SET NOCOUNT ON;
INSERT INTO [Store] ([Id], [Address], [crDate], [Deflag], [Description], [Email], [HouseId], [MarketZoneId], [Name], [PhoneNumber], [ShortName], [Status], [StoreType], [upsDate])
VALUES (@p0, @p1, @p2, @p3, @p4, @p5, @p6, @p7, @p8, @p9, @p10, @p11, @p12, @p13); |url: https://localhost/api/v1/approve-user|action: ApproveUser|Microsoft.EntityFrameworkCore.Diagnostics.Internal.RelationalCommandDiagnosticsLogger.CommandReaderExecutedAsync
2024-09-05 13:41:13.3939|20101|INFO|Microsoft.EntityFrameworkCore.Database.Command|Executed DbCommand (14ms) [Parameters=[@p18='?' (DbType = Guid), @p0='?' (Size = 200), @p1='?' (DbType = Date), @p2='?' (Size = 12) (DbType = AnsiStringFixedLength), @p3='?' (DbType = DateTime), @p4='?' (Size = 400) (DbType = AnsiString), @p5='?' (Size = 100) (DbType = AnsiString), @p6='?' (Size = 50), @p7='?' (DbType = Int32), @p8='?' (Size = 8000) (DbType = AnsiString), @p9='?' (DbType = Boolean), @p10='?' (DbType = Guid), @p11='?' (Size = 200) (DbType = AnsiString), @p12='?' (Size = 10) (DbType = AnsiStringFixedLength), @p13='?' (Size = 8000) (DbType = AnsiString), @p14='?' (DbType = Guid), @p15='?' (DbType = Int32), @p16='?' (DbType = Guid), @p17='?' (DbType = DateTime)], CommandType='Text', CommandTimeout='30']
SET NOCOUNT ON;
UPDATE [User] SET [Address] = @p0, [Birthday] = @p1, [CCCD] = @p2, [crDate] = @p3, [Description] = @p4, [Email] = @p5, [FullName] = @p6, [Gender] = @p7, [ImageUrl] = @p8, [IsChange] = @p9, [MarketZoneId] = @p10, [Password] = @p11, [PhoneNumber] = @p12, [PinCode] = @p13, [RoleId] = @p14, [Status] = @p15, [StoreId] = @p16, [upsDate] = @p17
WHERE [Id] = @p18;
SELECT @@ROWCOUNT; |url: https://localhost/api/v1/approve-user|action: ApproveUser|Microsoft.EntityFrameworkCore.Diagnostics.Internal.RelationalCommandDiagnosticsLogger.CommandReaderExecutedAsync
2024-09-05 13:41:35.9870|1|INFO|Microsoft.AspNetCore.Mvc.Infrastructure.ObjectResultExecutor|Executing OkObjectResult, writing value of type 'VegaCityApp.API.Payload.Response.ResponseAPI'. |url: https://localhost/api/v1/approve-user|action: ApproveUser|Microsoft.AspNetCore.Mvc.MvcCoreLoggerExtensions.ObjectResultExecuting
2024-09-05 13:41:37.4341|2|INFO|Microsoft.AspNetCore.Mvc.Infrastructure.ControllerActionInvoker|Executed action VegaCityApp.API.Controllers.Admin.AdminController.ApproveUser (VegaCityApp.API) in 96205.4472ms |url: https://localhost/api/v1/approve-user|action: ApproveUser|Microsoft.AspNetCore.Mvc.MvcCoreLoggerExtensions.ExecutedAction
2024-09-05 13:41:37.4341|1|INFO|Microsoft.AspNetCore.Routing.EndpointMiddleware|Executed endpoint 'VegaCityApp.API.Controllers.Admin.AdminController.ApproveUser (VegaCityApp.API)' |url: https://localhost/api/v1/approve-user|action: ApproveUser|Microsoft.AspNetCore.Routing.EndpointMiddleware+Log.ExecutedEndpoint
2024-09-05 13:41:39.5387|2|INFO|Microsoft.AspNetCore.Hosting.Diagnostics|Request finished HTTP/2 POST https://localhost:7127/api/v1/approve-user application/json 218 - 200 - application/json;+charset=utf-8 98313.4145ms |url: https://localhost/api/v1/approve-user|action: ApproveUser|Microsoft.AspNetCore.Hosting.HostingApplicationDiagnostics.LogRequestFinished
