2024-09-02 15:54:48.0049|63|INFO|Microsoft.AspNetCore.DataProtection.KeyManagement.XmlKeyManager|User profile is available. Using 'C:\Users\meryc\AppData\Local\ASP.NET\DataProtection-Keys' as key repository and Windows DPAPI to encrypt keys at rest. |url: |action: |Microsoft.Extensions.Logging.LoggingExtensions.UsingProfileAsKeyRepositoryWithDPAPI
2024-09-02 15:54:48.8949|14|INFO|Microsoft.Hosting.Lifetime|Now listening on: https://localhost:7127 |url: |action: |Microsoft.AspNetCore.Hosting.GenericWebHostService.StartAsync
2024-09-02 15:54:48.8949|14|INFO|Microsoft.Hosting.Lifetime|Now listening on: http://localhost:5137 |url: |action: |Microsoft.AspNetCore.Hosting.GenericWebHostService.StartAsync
2024-09-02 15:54:48.8949|0|INFO|Microsoft.Hosting.Lifetime|Application started. Press Ctrl+C to shut down. |url: |action: |Microsoft.Extensions.Hosting.Internal.ConsoleLifetime.OnApplicationStarted
2024-09-02 15:54:48.8949|0|INFO|Microsoft.Hosting.Lifetime|Hosting environment: Development |url: |action: |Microsoft.Extensions.Hosting.Internal.ConsoleLifetime.OnApplicationStarted
2024-09-02 15:54:48.8949|0|INFO|Microsoft.Hosting.Lifetime|Content root path: D:\LEARNING\codeForMe\C#\VegaCityApp\VegaCityApp\ |url: |action: |Microsoft.Extensions.Hosting.Internal.ConsoleLifetime.OnApplicationStarted
2024-09-02 15:54:49.9450|1|INFO|Microsoft.AspNetCore.Hosting.Diagnostics|Request starting HTTP/2 GET https://localhost:7127/swagger - - |url: https://localhost/swagger|action: |Microsoft.AspNetCore.Hosting.HostingApplicationDiagnostics.LogRequestStarting
2024-09-02 15:54:50.1753|2|INFO|Microsoft.AspNetCore.Hosting.Diagnostics|Request finished HTTP/2 GET https://localhost:7127/swagger - - - 301 0 - 234.8515ms |url: https://localhost/swagger|action: |Microsoft.AspNetCore.Hosting.HostingApplicationDiagnostics.LogRequestFinished
2024-09-02 15:54:50.1753|1|INFO|Microsoft.AspNetCore.Hosting.Diagnostics|Request starting HTTP/2 GET https://localhost:7127/swagger/index.html - - |url: https://localhost/swagger/index.html|action: |Microsoft.AspNetCore.Hosting.HostingApplicationDiagnostics.LogRequestStarting
2024-09-02 15:54:50.7051|1|INFO|Microsoft.AspNetCore.Hosting.Diagnostics|Request starting HTTP/2 GET https://localhost:7127/swagger/swagger-ui-bundle.js - - |url: https://localhost/swagger/swagger-ui-bundle.js|action: |Microsoft.AspNetCore.Hosting.HostingApplicationDiagnostics.LogRequestStarting
2024-09-02 15:54:50.7051|1|INFO|Microsoft.AspNetCore.Hosting.Diagnostics|Request starting HTTP/2 GET https://localhost:7127/_framework/aspnetcore-browser-refresh.js - - |url: https://localhost/_framework/aspnetcore-browser-refresh.js|action: |Microsoft.AspNetCore.Hosting.HostingApplicationDiagnostics.LogRequestStarting
2024-09-02 15:54:50.7051|1|INFO|Microsoft.AspNetCore.Hosting.Diagnostics|Request starting HTTP/2 GET https://localhost:7127/swagger/swagger-ui.css - - |url: https://localhost/swagger/swagger-ui.css|action: |Microsoft.AspNetCore.Hosting.HostingApplicationDiagnostics.LogRequestStarting
2024-09-02 15:54:50.7051|1|INFO|Microsoft.AspNetCore.Hosting.Diagnostics|Request starting HTTP/2 GET https://localhost:7127/swagger/swagger-ui-standalone-preset.js - - |url: https://localhost/swagger/swagger-ui-standalone-preset.js|action: |Microsoft.AspNetCore.Hosting.HostingApplicationDiagnostics.LogRequestStarting
2024-09-02 15:54:50.7057|1|INFO|Microsoft.AspNetCore.Hosting.Diagnostics|Request starting HTTP/2 GET https://localhost:7127/_vs/browserLink - - |url: https://localhost/_vs/browserLink|action: |Microsoft.AspNetCore.Hosting.HostingApplicationDiagnostics.LogRequestStarting
2024-09-02 15:54:50.7449|2|INFO|Microsoft.AspNetCore.Hosting.Diagnostics|Request finished HTTP/2 GET https://localhost:7127/_framework/aspnetcore-browser-refresh.js - - - 200 12362 application/javascript;+charset=utf-8 37.7196ms |url: https://localhost/_framework/aspnetcore-browser-refresh.js|action: |Microsoft.AspNetCore.Hosting.HostingApplicationDiagnostics.LogRequestFinished
2024-09-02 15:54:50.7449|2|INFO|Microsoft.AspNetCore.Hosting.Diagnostics|Request finished HTTP/2 GET https://localhost:7127/swagger/index.html - - - 200 - text/html;charset=utf-8 566.0302ms |url: https://localhost/swagger/index.html|action: |Microsoft.AspNetCore.Hosting.HostingApplicationDiagnostics.LogRequestFinished
2024-09-02 15:54:50.8059|2|INFO|Microsoft.AspNetCore.Hosting.Diagnostics|Request finished HTTP/2 GET https://localhost:7127/_vs/browserLink - - - 200 - text/javascript;+charset=UTF-8 100.1790ms |url: https://localhost/_vs/browserLink|action: |Microsoft.AspNetCore.Hosting.HostingApplicationDiagnostics.LogRequestFinished
2024-09-02 15:54:50.8059|2|INFO|Microsoft.AspNetCore.StaticFiles.StaticFileMiddleware|Sending file. Request path: '/swagger-ui.css'. Physical path: 'N/A' |url: https://localhost/swagger/swagger-ui.css|action: |Microsoft.AspNetCore.StaticFiles.LoggerExtensions.FileServedCore
2024-09-02 15:54:50.8059|2|INFO|Microsoft.AspNetCore.StaticFiles.StaticFileMiddleware|Sending file. Request path: '/swagger-ui-standalone-preset.js'. Physical path: 'N/A' |url: https://localhost/swagger/swagger-ui-standalone-preset.js|action: |Microsoft.AspNetCore.StaticFiles.LoggerExtensions.FileServedCore
2024-09-02 15:54:50.8059|2|INFO|Microsoft.AspNetCore.Hosting.Diagnostics|Request finished HTTP/2 GET https://localhost:7127/swagger/swagger-ui.css - - - 200 144929 text/css 104.7085ms |url: https://localhost/swagger/swagger-ui.css|action: |Microsoft.AspNetCore.Hosting.HostingApplicationDiagnostics.LogRequestFinished
2024-09-02 15:54:50.8059|2|INFO|Microsoft.AspNetCore.Hosting.Diagnostics|Request finished HTTP/2 GET https://localhost:7127/swagger/swagger-ui-standalone-preset.js - - - 200 312163 application/javascript 105.2069ms |url: https://localhost/swagger/swagger-ui-standalone-preset.js|action: |Microsoft.AspNetCore.Hosting.HostingApplicationDiagnostics.LogRequestFinished
2024-09-02 15:54:50.8208|2|INFO|Microsoft.AspNetCore.StaticFiles.StaticFileMiddleware|Sending file. Request path: '/swagger-ui-bundle.js'. Physical path: 'N/A' |url: https://localhost/swagger/swagger-ui-bundle.js|action: |Microsoft.AspNetCore.StaticFiles.LoggerExtensions.FileServedCore
2024-09-02 15:54:50.8208|2|INFO|Microsoft.AspNetCore.Hosting.Diagnostics|Request finished HTTP/2 GET https://localhost:7127/swagger/swagger-ui-bundle.js - - - 200 1061536 application/javascript 116.2916ms |url: https://localhost/swagger/swagger-ui-bundle.js|action: |Microsoft.AspNetCore.Hosting.HostingApplicationDiagnostics.LogRequestFinished
2024-09-02 15:54:51.0181|1|INFO|Microsoft.AspNetCore.Hosting.Diagnostics|Request starting HTTP/2 GET https://localhost:7127/swagger/v1/swagger.json - - |url: https://localhost/swagger/v1/swagger.json|action: |Microsoft.AspNetCore.Hosting.HostingApplicationDiagnostics.LogRequestStarting
2024-09-02 15:54:51.0497|1|INFO|Microsoft.AspNetCore.Hosting.Diagnostics|Request starting HTTP/2 GET https://localhost:7127/swagger/favicon-32x32.png - - |url: https://localhost/swagger/favicon-32x32.png|action: |Microsoft.AspNetCore.Hosting.HostingApplicationDiagnostics.LogRequestStarting
2024-09-02 15:54:51.0497|2|INFO|Microsoft.AspNetCore.StaticFiles.StaticFileMiddleware|Sending file. Request path: '/favicon-32x32.png'. Physical path: 'N/A' |url: https://localhost/swagger/favicon-32x32.png|action: |Microsoft.AspNetCore.StaticFiles.LoggerExtensions.FileServedCore
2024-09-02 15:54:51.0497|2|INFO|Microsoft.AspNetCore.Hosting.Diagnostics|Request finished HTTP/2 GET https://localhost:7127/swagger/favicon-32x32.png - - - 200 628 image/png 2.3128ms |url: https://localhost/swagger/favicon-32x32.png|action: |Microsoft.AspNetCore.Hosting.HostingApplicationDiagnostics.LogRequestFinished
2024-09-02 15:54:51.2207|2|INFO|Microsoft.AspNetCore.Hosting.Diagnostics|Request finished HTTP/2 GET https://localhost:7127/swagger/v1/swagger.json - - - 200 - application/json;charset=utf-8 202.6356ms |url: https://localhost/swagger/v1/swagger.json|action: |Microsoft.AspNetCore.Hosting.HostingApplicationDiagnostics.LogRequestFinished
2024-09-02 15:55:49.8266|1|INFO|Microsoft.AspNetCore.Hosting.Diagnostics|Request starting HTTP/2 POST https://localhost:7127/api/v1/etag-type application/json 45 |url: https://localhost/api/v1/etag-type|action: |Microsoft.AspNetCore.Hosting.HostingApplicationDiagnostics.LogRequestStarting
2024-09-02 15:55:49.8401|4|INFO|Microsoft.AspNetCore.Cors.Infrastructure.CorsService|CORS policy execution successful. |url: https://localhost/api/v1/etag-type|action: CreateEtagType|Microsoft.AspNetCore.Cors.CORSLoggerExtensions.PolicySuccess
2024-09-02 15:55:50.4198|0|INFO|Microsoft.AspNetCore.Routing.EndpointMiddleware|Executing endpoint 'VegaCityApp.API.Controllers.Admin.AdminController.CreateEtagType (VegaCityApp.API)' |url: https://localhost/api/v1/etag-type|action: CreateEtagType|Microsoft.AspNetCore.Routing.EndpointMiddleware+Log.ExecutingEndpoint
2024-09-02 15:55:50.4655|3|INFO|Microsoft.AspNetCore.Mvc.Infrastructure.ControllerActionInvoker|Route matched with {action = "CreateEtagType", controller = "Admin"}. Executing controller action with signature System.Threading.Tasks.Task`1[Microsoft.AspNetCore.Mvc.IActionResult] CreateEtagType(VegaCityApp.API.Payload.Request.EtagTypeRequest) on controller VegaCityApp.API.Controllers.Admin.AdminController (VegaCityApp.API). |url: https://localhost/api/v1/etag-type|action: CreateEtagType|Microsoft.AspNetCore.Mvc.MvcCoreLoggerExtensions.ExecutingAction
2024-09-02 15:55:52.8400|10403|INFO|Microsoft.EntityFrameworkCore.Infrastructure|Entity Framework Core 6.0.10 initialized 'VegaCityAppContext' using provider 'Microsoft.EntityFrameworkCore.SqlServer:6.0.10' with options: None |url: https://localhost/api/v1/etag-type|action: CreateEtagType|Microsoft.EntityFrameworkCore.Diagnostics.CoreLoggerExtensions.ContextInitialized
2024-09-02 15:55:54.8740|20101|INFO|Microsoft.EntityFrameworkCore.Database.Command|Executed DbCommand (135ms) [Parameters=[@p0='?' (DbType = Guid), @p1='?' (Size = 8000) (DbType = AnsiString), @p2='?' (DbType = Guid), @p3='?' (Size = 50)], CommandType='Text', CommandTimeout='30']
SET NOCOUNT ON;
INSERT INTO [ETagType] ([Id], [ImageUrl], [MarketZoneId], [Name])
VALUES (@p0, @p1, @p2, @p3); |url: https://localhost/api/v1/etag-type|action: CreateEtagType|Microsoft.EntityFrameworkCore.Diagnostics.Internal.RelationalCommandDiagnosticsLogger.CommandReaderExecutedAsync
2024-09-02 15:55:54.9792|1|INFO|Microsoft.AspNetCore.Mvc.Infrastructure.ObjectResultExecutor|Executing OkObjectResult, writing value of type 'VegaCityApp.API.Payload.Response.CreateEtagTypeResponse'. |url: https://localhost/api/v1/etag-type|action: CreateEtagType|Microsoft.AspNetCore.Mvc.MvcCoreLoggerExtensions.ObjectResultExecuting
2024-09-02 15:55:55.0192|2|INFO|Microsoft.AspNetCore.Mvc.Infrastructure.ControllerActionInvoker|Executed action VegaCityApp.API.Controllers.Admin.AdminController.CreateEtagType (VegaCityApp.API) in 4544.9578ms |url: https://localhost/api/v1/etag-type|action: CreateEtagType|Microsoft.AspNetCore.Mvc.MvcCoreLoggerExtensions.ExecutedAction
2024-09-02 15:55:55.0192|1|INFO|Microsoft.AspNetCore.Routing.EndpointMiddleware|Executed endpoint 'VegaCityApp.API.Controllers.Admin.AdminController.CreateEtagType (VegaCityApp.API)' |url: https://localhost/api/v1/etag-type|action: CreateEtagType|Microsoft.AspNetCore.Routing.EndpointMiddleware+Log.ExecutedEndpoint
2024-09-02 15:55:55.0192|2|INFO|Microsoft.AspNetCore.Hosting.Diagnostics|Request finished HTTP/2 POST https://localhost:7127/api/v1/etag-type application/json 45 - 200 - application/json;+charset=utf-8 5204.4271ms |url: https://localhost/api/v1/etag-type|action: CreateEtagType|Microsoft.AspNetCore.Hosting.HostingApplicationDiagnostics.LogRequestFinished
2024-09-02 15:57:33.7130|1|INFO|Microsoft.AspNetCore.Hosting.Diagnostics|Request starting HTTP/2 POST https://localhost:7127/api/v1/etag-type application/json 51 |url: https://localhost/api/v1/etag-type|action: |Microsoft.AspNetCore.Hosting.HostingApplicationDiagnostics.LogRequestStarting
2024-09-02 15:57:33.7130|4|INFO|Microsoft.AspNetCore.Cors.Infrastructure.CorsService|CORS policy execution successful. |url: https://localhost/api/v1/etag-type|action: CreateEtagType|Microsoft.AspNetCore.Cors.CORSLoggerExtensions.PolicySuccess
2024-09-02 15:57:33.7130|0|INFO|Microsoft.AspNetCore.Routing.EndpointMiddleware|Executing endpoint 'VegaCityApp.API.Controllers.Admin.AdminController.CreateEtagType (VegaCityApp.API)' |url: https://localhost/api/v1/etag-type|action: CreateEtagType|Microsoft.AspNetCore.Routing.EndpointMiddleware+Log.ExecutingEndpoint
2024-09-02 15:57:33.7130|3|INFO|Microsoft.AspNetCore.Mvc.Infrastructure.ControllerActionInvoker|Route matched with {action = "CreateEtagType", controller = "Admin"}. Executing controller action with signature System.Threading.Tasks.Task`1[Microsoft.AspNetCore.Mvc.IActionResult] CreateEtagType(VegaCityApp.API.Payload.Request.EtagTypeRequest) on controller VegaCityApp.API.Controllers.Admin.AdminController (VegaCityApp.API). |url: https://localhost/api/v1/etag-type|action: CreateEtagType|Microsoft.AspNetCore.Mvc.MvcCoreLoggerExtensions.ExecutingAction
2024-09-02 15:57:33.7635|10403|INFO|Microsoft.EntityFrameworkCore.Infrastructure|Entity Framework Core 6.0.10 initialized 'VegaCityAppContext' using provider 'Microsoft.EntityFrameworkCore.SqlServer:6.0.10' with options: None |url: https://localhost/api/v1/etag-type|action: CreateEtagType|Microsoft.EntityFrameworkCore.Diagnostics.CoreLoggerExtensions.ContextInitialized
2024-09-02 15:57:33.7792|20101|INFO|Microsoft.EntityFrameworkCore.Database.Command|Executed DbCommand (6ms) [Parameters=[@p0='?' (DbType = Guid), @p1='?' (Size = 8000) (DbType = AnsiString), @p2='?' (DbType = Guid), @p3='?' (Size = 50)], CommandType='Text', CommandTimeout='30']
SET NOCOUNT ON;
INSERT INTO [ETagType] ([Id], [ImageUrl], [MarketZoneId], [Name])
VALUES (@p0, @p1, @p2, @p3); |url: https://localhost/api/v1/etag-type|action: CreateEtagType|Microsoft.EntityFrameworkCore.Diagnostics.Internal.RelationalCommandDiagnosticsLogger.CommandReaderExecutedAsync
2024-09-02 15:57:33.7962|1|INFO|Microsoft.AspNetCore.Mvc.Infrastructure.ObjectResultExecutor|Executing OkObjectResult, writing value of type 'VegaCityApp.API.Payload.Response.CreateEtagTypeResponse'. |url: https://localhost/api/v1/etag-type|action: CreateEtagType|Microsoft.AspNetCore.Mvc.MvcCoreLoggerExtensions.ObjectResultExecuting
2024-09-02 15:57:33.7962|2|INFO|Microsoft.AspNetCore.Mvc.Infrastructure.ControllerActionInvoker|Executed action VegaCityApp.API.Controllers.Admin.AdminController.CreateEtagType (VegaCityApp.API) in 80.1571ms |url: https://localhost/api/v1/etag-type|action: CreateEtagType|Microsoft.AspNetCore.Mvc.MvcCoreLoggerExtensions.ExecutedAction
2024-09-02 15:57:33.7962|1|INFO|Microsoft.AspNetCore.Routing.EndpointMiddleware|Executed endpoint 'VegaCityApp.API.Controllers.Admin.AdminController.CreateEtagType (VegaCityApp.API)' |url: https://localhost/api/v1/etag-type|action: CreateEtagType|Microsoft.AspNetCore.Routing.EndpointMiddleware+Log.ExecutedEndpoint
2024-09-02 15:57:33.7962|2|INFO|Microsoft.AspNetCore.Hosting.Diagnostics|Request finished HTTP/2 POST https://localhost:7127/api/v1/etag-type application/json 51 - 200 - application/json;+charset=utf-8 86.0690ms |url: https://localhost/api/v1/etag-type|action: CreateEtagType|Microsoft.AspNetCore.Hosting.HostingApplicationDiagnostics.LogRequestFinished
